<?xml version="1.0" encoding="UTF-8"?>
<coverage generated="1654282218718" clover="3.2.0">
  <project timestamp="1654282218718" name="All files">
    <metrics statements="42" coveredstatements="42" conditionals="5" coveredconditionals="4" methods="4" coveredmethods="4" elements="51" coveredelements="50" complexity="0" loc="42" ncloc="42" packages="1" files="2" classes="2"/>
    <file name="BasicModal.tsx" path="/Users/tainaconde/Desktop/BU/CS673/group-project-team2/jobs-tracker-frontend/src/components/BasicModal.tsx">
      <metrics statements="13" coveredstatements="13" conditionals="1" coveredconditionals="1" methods="1" coveredmethods="1"/>
      <line num="1" count="1" type="stmt"/>
      <line num="2" count="1" type="stmt"/>
      <line num="3" count="1" type="stmt"/>
      <line num="4" count="1" type="cond" truecount="1" falsecount="0"/>
      <line num="5" count="1" type="stmt"/>
      <line num="6" count="1" type="stmt"/>
      <line num="7" count="1" type="stmt"/>
      <line num="8" count="1" type="stmt"/>
      <line num="9" count="1" type="stmt"/>
      <line num="10" count="1" type="stmt"/>
      <line num="11" count="1" type="stmt"/>
      <line num="12" count="1" type="stmt"/>
      <line num="13" count="1" type="stmt"/>
    </file>
    <file name="Link.js" path="/Users/tainaconde/Desktop/BU/CS673/group-project-team2/jobs-tracker-frontend/src/components/Link.js">
      <metrics statements="29" coveredstatements="29" conditionals="4" coveredconditionals="3" methods="3" coveredmethods="3"/>
      <line num="1" count="1" type="stmt"/>
      <line num="2" count="1" type="stmt"/>
      <line num="3" count="1" type="stmt"/>
      <line num="4" count="1" type="stmt"/>
      <line num="5" count="1" type="stmt"/>
      <line num="6" count="1" type="stmt"/>
      <line num="7" count="1" type="stmt"/>
      <line num="8" count="1" type="cond" truecount="1" falsecount="0"/>
      <line num="9" count="3" type="stmt"/>
      <line num="10" count="3" type="stmt"/>
      <line num="11" count="3" type="cond" truecount="1" falsecount="0"/>
      <line num="12" count="1" type="stmt"/>
      <line num="13" count="1" type="stmt"/>
      <line num="14" count="3" type="stmt"/>
      <line num="15" count="3" type="cond" truecount="1" falsecount="0"/>
      <line num="16" count="1" type="stmt"/>
      <line num="17" count="1" type="stmt"/>
      <line num="18" count="3" type="stmt"/>
      <line num="19" count="3" type="stmt"/>
      <line num="20" count="3" type="stmt"/>
      <line num="21" count="3" type="stmt"/>
      <line num="22" count="3" type="cond" truecount="0" falsecount="1"/>
      <line num="23" count="3" type="stmt"/>
      <line num="24" count="3" type="stmt"/>
      <line num="25" count="3" type="stmt"/>
      <line num="26" count="3" type="stmt"/>
      <line num="27" count="3" type="stmt"/>
      <line num="28" count="3" type="stmt"/>
      <line num="29" count="3" type="stmt"/>
    </file>
  </project>
</coverage>
