{"/Users/tainaconde/Desktop/BU/CS673/group-project-team2/jobs-tracker-frontend/src/components/BasicModal.tsx": {"path":"/Users/tainaconde/Desktop/BU/CS673/group-project-team2/jobs-tracker-frontend/src/components/BasicModal.tsx","all":false,"statementMap":{"0":{"start":{"line":1,"column":0},"end":{"line":1,"column":25}},"1":{"start":{"line":2,"column":0},"end":{"line":2,"column":0}},"2":{"start":{"line":3,"column":0},"end":{"line":3,"column":0}},"3":{"start":{"line":4,"column":0},"end":{"line":4,"column":26}},"4":{"start":{"line":5,"column":0},"end":{"line":5,"column":0}},"5":{"start":{"line":6,"column":0},"end":{"line":6,"column":12}},"6":{"start":{"line":7,"column":0},"end":{"line":7,"column":13}},"7":{"start":{"line":8,"column":0},"end":{"line":8,"column":0}},"8":{"start":{"line":9,"column":0},"end":{"line":9,"column":14}},"9":{"start":{"line":10,"column":0},"end":{"line":10,"column":0}},"10":{"start":{"line":11,"column":0},"end":{"line":11,"column":5}},"11":{"start":{"line":12,"column":0},"end":{"line":12,"column":1}},"12":{"start":{"line":13,"column":0},"end":{"line":13,"column":25}}},"s":{"0":1,"1":1,"2":1,"3":1,"4":1,"5":1,"6":1,"7":1,"8":1,"9":1,"10":1,"11":1,"12":1},"branchMap":{"0":{"type":"branch","line":4,"loc":{"start":{"line":4,"column":19},"end":{"line":12,"column":1}},"locations":[{"start":{"line":4,"column":19},"end":{"line":12,"column":1}}]}},"b":{"0":[1]},"fnMap":{"0":{"name":"BasicModal","decl":{"start":{"line":4,"column":19},"end":{"line":12,"column":1}},"loc":{"start":{"line":4,"column":19},"end":{"line":12,"column":1}},"line":4}},"f":{"0":1}}
,"/Users/tainaconde/Desktop/BU/CS673/group-project-team2/jobs-tracker-frontend/src/components/Link.js": {"path":"/Users/tainaconde/Desktop/BU/CS673/group-project-team2/jobs-tracker-frontend/src/components/Link.js","all":false,"statementMap":{"0":{"start":{"line":1,"column":0},"end":{"line":1,"column":38}},"1":{"start":{"line":2,"column":0},"end":{"line":2,"column":0}},"2":{"start":{"line":3,"column":0},"end":{"line":3,"column":16}},"3":{"start":{"line":4,"column":0},"end":{"line":4,"column":21}},"4":{"start":{"line":5,"column":0},"end":{"line":5,"column":19}},"5":{"start":{"line":6,"column":0},"end":{"line":6,"column":2}},"6":{"start":{"line":7,"column":0},"end":{"line":7,"column":0}},"7":{"start":{"line":8,"column":0},"end":{"line":8,"column":48}},"8":{"start":{"line":9,"column":0},"end":{"line":9,"column":54}},"9":{"start":{"line":10,"column":0},"end":{"line":10,"column":0}},"10":{"start":{"line":11,"column":0},"end":{"line":11,"column":30}},"11":{"start":{"line":12,"column":0},"end":{"line":12,"column":30}},"12":{"start":{"line":13,"column":0},"end":{"line":13,"column":4}},"13":{"start":{"line":14,"column":0},"end":{"line":14,"column":0}},"14":{"start":{"line":15,"column":0},"end":{"line":15,"column":30}},"15":{"start":{"line":16,"column":0},"end":{"line":16,"column":29}},"16":{"start":{"line":17,"column":0},"end":{"line":17,"column":4}},"17":{"start":{"line":18,"column":0},"end":{"line":18,"column":0}},"18":{"start":{"line":19,"column":0},"end":{"line":19,"column":10}},"19":{"start":{"line":20,"column":0},"end":{"line":20,"column":6}},"20":{"start":{"line":21,"column":0},"end":{"line":21,"column":24}},"21":{"start":{"line":22,"column":0},"end":{"line":22,"column":24}},"22":{"start":{"line":23,"column":0},"end":{"line":23,"column":33}},"23":{"start":{"line":24,"column":0},"end":{"line":24,"column":33}},"24":{"start":{"line":25,"column":0},"end":{"line":25,"column":5}},"25":{"start":{"line":26,"column":0},"end":{"line":26,"column":16}},"26":{"start":{"line":27,"column":0},"end":{"line":27,"column":8}},"27":{"start":{"line":28,"column":0},"end":{"line":28,"column":4}},"28":{"start":{"line":29,"column":0},"end":{"line":29,"column":1}}},"s":{"0":1,"1":1,"2":1,"3":1,"4":1,"5":1,"6":1,"7":1,"8":3,"9":3,"10":3,"11":1,"12":1,"13":3,"14":3,"15":1,"16":1,"17":3,"18":3,"19":3,"20":3,"21":3,"22":3,"23":3,"24":3,"25":3,"26":3,"27":3,"28":3},"branchMap":{"0":{"type":"branch","line":8,"loc":{"start":{"line":8,"column":15},"end":{"line":29,"column":1}},"locations":[{"start":{"line":8,"column":15},"end":{"line":29,"column":1}}]},"1":{"type":"branch","line":22,"loc":{"start":{"line":22,"column":16},"end":{"line":22,"column":24}},"locations":[{"start":{"line":22,"column":16},"end":{"line":22,"column":24}}]},"2":{"type":"branch","line":11,"loc":{"start":{"line":11,"column":23},"end":{"line":13,"column":4}},"locations":[{"start":{"line":11,"column":23},"end":{"line":13,"column":4}}]},"3":{"type":"branch","line":15,"loc":{"start":{"line":15,"column":23},"end":{"line":17,"column":4}},"locations":[{"start":{"line":15,"column":23},"end":{"line":17,"column":4}}]}},"b":{"0":[3],"1":[0],"2":[1],"3":[1]},"fnMap":{"0":{"name":"Link","decl":{"start":{"line":8,"column":15},"end":{"line":29,"column":1}},"loc":{"start":{"line":8,"column":15},"end":{"line":29,"column":1}},"line":8},"1":{"name":"onMouseEnter","decl":{"start":{"line":11,"column":23},"end":{"line":13,"column":4}},"loc":{"start":{"line":11,"column":23},"end":{"line":13,"column":4}},"line":11},"2":{"name":"onMouseLeave","decl":{"start":{"line":15,"column":23},"end":{"line":17,"column":4}},"loc":{"start":{"line":15,"column":23},"end":{"line":17,"column":4}},"line":15}},"f":{"0":3,"1":1,"2":1}}
}
