{"/Users/benzinho/dev/BU/MET CS673 - Software Engineering/group-project-team2/CS673_Frontend_TS_React/src/App.tsx": {"path":"/Users/benzinho/dev/BU/MET CS673 - Software Engineering/group-project-team2/CS673_Frontend_TS_React/src/App.tsx","all":true,"statementMap":{"0":{"start":{"line":1,"column":0},"end":{"line":1,"column":25}},"1":{"start":{"line":2,"column":0},"end":{"line":2,"column":63}},"2":{"start":{"line":3,"column":0},"end":{"line":3,"column":45}},"3":{"start":{"line":4,"column":0},"end":{"line":4,"column":49}},"4":{"start":{"line":5,"column":0},"end":{"line":5,"column":44}},"5":{"start":{"line":6,"column":0},"end":{"line":6,"column":37}},"6":{"start":{"line":7,"column":0},"end":{"line":7,"column":35}},"7":{"start":{"line":8,"column":0},"end":{"line":8,"column":37}},"8":{"start":{"line":9,"column":0},"end":{"line":9,"column":0}},"9":{"start":{"line":10,"column":0},"end":{"line":10,"column":29}},"10":{"start":{"line":11,"column":0},"end":{"line":11,"column":10}},"11":{"start":{"line":12,"column":0},"end":{"line":12,"column":19}},"12":{"start":{"line":13,"column":0},"end":{"line":13,"column":38}},"13":{"start":{"line":14,"column":0},"end":{"line":14,"column":18}},"14":{"start":{"line":15,"column":0},"end":{"line":15,"column":24}},"15":{"start":{"line":16,"column":0},"end":{"line":16,"column":18}},"16":{"start":{"line":17,"column":0},"end":{"line":17,"column":56}},"17":{"start":{"line":18,"column":0},"end":{"line":18,"column":57}},"18":{"start":{"line":19,"column":0},"end":{"line":19,"column":59}},"19":{"start":{"line":20,"column":0},"end":{"line":20,"column":19}},"20":{"start":{"line":21,"column":0},"end":{"line":21,"column":25}},"21":{"start":{"line":22,"column":0},"end":{"line":22,"column":22}},"22":{"start":{"line":23,"column":0},"end":{"line":23,"column":20}},"23":{"start":{"line":24,"column":0},"end":{"line":24,"column":3}},"24":{"start":{"line":25,"column":0},"end":{"line":25,"column":1}},"25":{"start":{"line":26,"column":0},"end":{"line":26,"column":0}},"26":{"start":{"line":27,"column":0},"end":{"line":27,"column":18}}},"s":{"0":0,"1":0,"2":0,"3":0,"4":0,"5":0,"6":0,"7":0,"8":0,"9":0,"10":0,"11":0,"12":0,"13":0,"14":0,"15":0,"16":0,"17":0,"18":0,"19":0,"20":0,"21":0,"22":0,"23":0,"24":0,"25":0,"26":0},"branchMap":{"0":{"type":"branch","line":1,"loc":{"start":{"line":1,"column":0},"end":{"line":27,"column":18}},"locations":[{"start":{"line":1,"column":0},"end":{"line":27,"column":18}}]}},"b":{"0":[0]},"fnMap":{"0":{"name":"(empty-report)","decl":{"start":{"line":1,"column":0},"end":{"line":27,"column":18}},"loc":{"start":{"line":1,"column":0},"end":{"line":27,"column":18}},"line":1}},"f":{"0":0}}
,"/Users/benzinho/dev/BU/MET CS673 - Software Engineering/group-project-team2/CS673_Frontend_TS_React/src/index.tsx": {"path":"/Users/benzinho/dev/BU/MET CS673 - Software Engineering/group-project-team2/CS673_Frontend_TS_React/src/index.tsx","all":true,"statementMap":{"0":{"start":{"line":1,"column":0},"end":{"line":1,"column":25}},"1":{"start":{"line":2,"column":0},"end":{"line":2,"column":45}},"2":{"start":{"line":3,"column":0},"end":{"line":3,"column":37}},"3":{"start":{"line":4,"column":0},"end":{"line":4,"column":33}},"4":{"start":{"line":5,"column":0},"end":{"line":5,"column":0}},"5":{"start":{"line":6,"column":0},"end":{"line":6,"column":20}},"6":{"start":{"line":7,"column":0},"end":{"line":7,"column":0}},"7":{"start":{"line":8,"column":0},"end":{"line":8,"column":23}},"8":{"start":{"line":9,"column":0},"end":{"line":9,"column":48}},"9":{"start":{"line":10,"column":0},"end":{"line":10,"column":49}},"10":{"start":{"line":11,"column":0},"end":{"line":11,"column":68}},"11":{"start":{"line":12,"column":0},"end":{"line":12,"column":82}},"12":{"start":{"line":13,"column":0},"end":{"line":13,"column":0}},"13":{"start":{"line":14,"column":0},"end":{"line":14,"column":12}},"14":{"start":{"line":15,"column":0},"end":{"line":15,"column":16}},"15":{"start":{"line":16,"column":0},"end":{"line":16,"column":22}},"16":{"start":{"line":17,"column":0},"end":{"line":17,"column":32}},"17":{"start":{"line":18,"column":0},"end":{"line":18,"column":15}},"18":{"start":{"line":19,"column":0},"end":{"line":19,"column":17}},"19":{"start":{"line":20,"column":0},"end":{"line":20,"column":6}},"20":{"start":{"line":21,"column":0},"end":{"line":21,"column":23}},"21":{"start":{"line":22,"column":0},"end":{"line":22,"column":17}},"22":{"start":{"line":23,"column":0},"end":{"line":23,"column":1}}},"s":{"0":0,"1":0,"2":0,"3":0,"4":0,"5":0,"6":0,"7":0,"8":0,"9":0,"10":0,"11":0,"12":0,"13":0,"14":0,"15":0,"16":0,"17":0,"18":0,"19":0,"20":0,"21":0,"22":0},"branchMap":{"0":{"type":"branch","line":1,"loc":{"start":{"line":1,"column":0},"end":{"line":23,"column":1}},"locations":[{"start":{"line":1,"column":0},"end":{"line":23,"column":1}}]}},"b":{"0":[0]},"fnMap":{"0":{"name":"(empty-report)","decl":{"start":{"line":1,"column":0},"end":{"line":23,"column":1}},"loc":{"start":{"line":1,"column":0},"end":{"line":23,"column":1}},"line":1}},"f":{"0":0}}
,"/Users/benzinho/dev/BU/MET CS673 - Software Engineering/group-project-team2/CS673_Frontend_TS_React/src/react-app-env.d.ts": {"path":"/Users/benzinho/dev/BU/MET CS673 - Software Engineering/group-project-team2/CS673_Frontend_TS_React/src/react-app-env.d.ts","all":true,"statementMap":{"0":{"start":{"line":1,"column":0},"end":{"line":1,"column":35}},"1":{"start":{"line":2,"column":0},"end":{"line":2,"column":39}}},"s":{"0":0,"1":0},"branchMap":{"0":{"type":"branch","line":1,"loc":{"start":{"line":1,"column":0},"end":{"line":2,"column":39}},"locations":[{"start":{"line":1,"column":0},"end":{"line":2,"column":39}}]}},"b":{"0":[0]},"fnMap":{"0":{"name":"(empty-report)","decl":{"start":{"line":1,"column":0},"end":{"line":2,"column":39}},"loc":{"start":{"line":1,"column":0},"end":{"line":2,"column":39}},"line":1}},"f":{"0":0}}
,"/Users/benzinho/dev/BU/MET CS673 - Software Engineering/group-project-team2/CS673_Frontend_TS_React/src/app/hooks.ts": {"path":"/Users/benzinho/dev/BU/MET CS673 - Software Engineering/group-project-team2/CS673_Frontend_TS_React/src/app/hooks.ts","all":false,"statementMap":{"0":{"start":{"line":1,"column":0},"end":{"line":1,"column":75}},"1":{"start":{"line":2,"column":0},"end":{"line":2,"column":46}},"2":{"start":{"line":3,"column":0},"end":{"line":3,"column":0}},"3":{"start":{"line":4,"column":0},"end":{"line":4,"column":62}},"4":{"start":{"line":5,"column":0},"end":{"line":5,"column":74}}},"s":{"0":1,"1":1,"2":1,"3":1,"4":1},"branchMap":{"0":{"type":"branch","line":4,"loc":{"start":{"line":4,"column":30},"end":{"line":4,"column":47}},"locations":[{"start":{"line":4,"column":30},"end":{"line":4,"column":47}}]}},"b":{"0":[3]},"fnMap":{"0":{"name":"useAppDispatch","decl":{"start":{"line":4,"column":30},"end":{"line":4,"column":47}},"loc":{"start":{"line":4,"column":30},"end":{"line":4,"column":47}},"line":4}},"f":{"0":3}}
,"/Users/benzinho/dev/BU/MET CS673 - Software Engineering/group-project-team2/CS673_Frontend_TS_React/src/app/store.ts": {"path":"/Users/benzinho/dev/BU/MET CS673 - Software Engineering/group-project-team2/CS673_Frontend_TS_React/src/app/store.ts","all":false,"statementMap":{"0":{"start":{"line":1,"column":0},"end":{"line":1,"column":49}},"1":{"start":{"line":2,"column":0},"end":{"line":2,"column":50}},"2":{"start":{"line":3,"column":0},"end":{"line":3,"column":53}},"3":{"start":{"line":4,"column":0},"end":{"line":4,"column":65}},"4":{"start":{"line":5,"column":0},"end":{"line":5,"column":47}},"5":{"start":{"line":6,"column":0},"end":{"line":6,"column":58}},"6":{"start":{"line":7,"column":0},"end":{"line":7,"column":71}},"7":{"start":{"line":8,"column":0},"end":{"line":8,"column":0}},"8":{"start":{"line":9,"column":0},"end":{"line":9,"column":37}},"9":{"start":{"line":10,"column":0},"end":{"line":10,"column":12}},"10":{"start":{"line":11,"column":0},"end":{"line":11,"column":20}},"11":{"start":{"line":12,"column":0},"end":{"line":12,"column":22}},"12":{"start":{"line":13,"column":0},"end":{"line":13,"column":30}},"13":{"start":{"line":14,"column":0},"end":{"line":14,"column":18}},"14":{"start":{"line":15,"column":0},"end":{"line":15,"column":45}},"15":{"start":{"line":16,"column":0},"end":{"line":16,"column":55}},"16":{"start":{"line":17,"column":0},"end":{"line":17,"column":4}},"17":{"start":{"line":18,"column":0},"end":{"line":18,"column":41}},"18":{"start":{"line":19,"column":0},"end":{"line":19,"column":41}},"19":{"start":{"line":20,"column":0},"end":{"line":20,"column":26}},"20":{"start":{"line":21,"column":0},"end":{"line":21,"column":30}},"21":{"start":{"line":22,"column":0},"end":{"line":22,"column":5}},"22":{"start":{"line":23,"column":0},"end":{"line":23,"column":4}},"23":{"start":{"line":24,"column":0},"end":{"line":24,"column":2}},"24":{"start":{"line":25,"column":0},"end":{"line":25,"column":47}},"25":{"start":{"line":26,"column":0},"end":{"line":26,"column":57}}},"s":{"0":1,"1":1,"2":1,"3":1,"4":1,"5":1,"6":1,"7":1,"8":1,"9":1,"10":1,"11":1,"12":1,"13":1,"14":1,"15":1,"16":1,"17":1,"18":2,"19":2,"20":2,"21":2,"22":1,"23":1,"24":1,"25":1},"branchMap":{"0":{"type":"branch","line":18,"loc":{"start":{"line":18,"column":14},"end":{"line":23,"column":3}},"locations":[{"start":{"line":18,"column":14},"end":{"line":23,"column":3}}]}},"b":{"0":[2]},"fnMap":{"0":{"name":"middleware","decl":{"start":{"line":18,"column":14},"end":{"line":23,"column":3}},"loc":{"start":{"line":18,"column":14},"end":{"line":23,"column":3}},"line":18}},"f":{"0":2}}
,"/Users/benzinho/dev/BU/MET CS673 - Software Engineering/group-project-team2/CS673_Frontend_TS_React/src/components/AddBtn.tsx": {"path":"/Users/benzinho/dev/BU/MET CS673 - Software Engineering/group-project-team2/CS673_Frontend_TS_React/src/components/AddBtn.tsx","all":true,"statementMap":{"0":{"start":{"line":1,"column":0},"end":{"line":1,"column":47}},"1":{"start":{"line":2,"column":0},"end":{"line":2,"column":38}},"2":{"start":{"line":3,"column":0},"end":{"line":3,"column":0}},"3":{"start":{"line":4,"column":0},"end":{"line":4,"column":22}},"4":{"start":{"line":5,"column":0},"end":{"line":5,"column":16}},"5":{"start":{"line":6,"column":0},"end":{"line":6,"column":14}},"6":{"start":{"line":7,"column":0},"end":{"line":7,"column":23}},"7":{"start":{"line":8,"column":0},"end":{"line":8,"column":17}},"8":{"start":{"line":9,"column":0},"end":{"line":9,"column":1}},"9":{"start":{"line":10,"column":0},"end":{"line":10,"column":21}}},"s":{"0":0,"1":0,"2":0,"3":0,"4":0,"5":0,"6":0,"7":0,"8":0,"9":0},"branchMap":{"0":{"type":"branch","line":1,"loc":{"start":{"line":1,"column":0},"end":{"line":10,"column":21}},"locations":[{"start":{"line":1,"column":0},"end":{"line":10,"column":21}}]}},"b":{"0":[0]},"fnMap":{"0":{"name":"(empty-report)","decl":{"start":{"line":1,"column":0},"end":{"line":10,"column":21}},"loc":{"start":{"line":1,"column":0},"end":{"line":10,"column":21}},"line":1}},"f":{"0":0}}
,"/Users/benzinho/dev/BU/MET CS673 - Software Engineering/group-project-team2/CS673_Frontend_TS_React/src/components/BasicModal.tsx": {"path":"/Users/benzinho/dev/BU/MET CS673 - Software Engineering/group-project-team2/CS673_Frontend_TS_React/src/components/BasicModal.tsx","all":false,"statementMap":{"0":{"start":{"line":1,"column":0},"end":{"line":1,"column":25}},"1":{"start":{"line":2,"column":0},"end":{"line":2,"column":49}},"2":{"start":{"line":3,"column":0},"end":{"line":3,"column":8}},"3":{"start":{"line":4,"column":0},"end":{"line":4,"column":12}},"4":{"start":{"line":5,"column":0},"end":{"line":5,"column":20}},"5":{"start":{"line":6,"column":0},"end":{"line":6,"column":20}},"6":{"start":{"line":7,"column":0},"end":{"line":7,"column":25}},"7":{"start":{"line":8,"column":0},"end":{"line":8,"column":54}},"8":{"start":{"line":9,"column":0},"end":{"line":9,"column":39}},"9":{"start":{"line":10,"column":0},"end":{"line":10,"column":38}},"10":{"start":{"line":11,"column":0},"end":{"line":11,"column":45}},"11":{"start":{"line":12,"column":0},"end":{"line":12,"column":64}},"12":{"start":{"line":13,"column":0},"end":{"line":13,"column":76}},"13":{"start":{"line":14,"column":0},"end":{"line":14,"column":34}},"14":{"start":{"line":15,"column":0},"end":{"line":15,"column":47}},"15":{"start":{"line":16,"column":0},"end":{"line":16,"column":62}},"16":{"start":{"line":17,"column":0},"end":{"line":17,"column":49}},"17":{"start":{"line":18,"column":0},"end":{"line":18,"column":57}},"18":{"start":{"line":19,"column":0},"end":{"line":19,"column":40}},"19":{"start":{"line":20,"column":0},"end":{"line":20,"column":0}},"20":{"start":{"line":21,"column":0},"end":{"line":21,"column":19}},"21":{"start":{"line":22,"column":0},"end":{"line":22,"column":15}},"22":{"start":{"line":23,"column":0},"end":{"line":23,"column":15}},"23":{"start":{"line":24,"column":0},"end":{"line":24,"column":21}},"24":{"start":{"line":25,"column":0},"end":{"line":25,"column":29}},"25":{"start":{"line":26,"column":0},"end":{"line":26,"column":22}},"26":{"start":{"line":27,"column":0},"end":{"line":27,"column":20}},"27":{"start":{"line":28,"column":0},"end":{"line":28,"column":30}},"28":{"start":{"line":29,"column":0},"end":{"line":29,"column":1}},"29":{"start":{"line":30,"column":0},"end":{"line":30,"column":1}},"30":{"start":{"line":31,"column":0},"end":{"line":31,"column":0}},"31":{"start":{"line":32,"column":0},"end":{"line":32,"column":43}},"32":{"start":{"line":33,"column":0},"end":{"line":33,"column":7}},"33":{"start":{"line":34,"column":0},"end":{"line":34,"column":8}},"34":{"start":{"line":35,"column":0},"end":{"line":35,"column":14}},"35":{"start":{"line":36,"column":0},"end":{"line":36,"column":9}},"36":{"start":{"line":37,"column":0},"end":{"line":37,"column":13}},"37":{"start":{"line":38,"column":0},"end":{"line":38,"column":11}},"38":{"start":{"line":39,"column":0},"end":{"line":39,"column":18}},"39":{"start":{"line":40,"column":0},"end":{"line":40,"column":2}},"40":{"start":{"line":41,"column":0},"end":{"line":41,"column":19}},"41":{"start":{"line":42,"column":0},"end":{"line":42,"column":48}},"42":{"start":{"line":43,"column":0},"end":{"line":43,"column":43}},"43":{"start":{"line":44,"column":0},"end":{"line":44,"column":45}},"44":{"start":{"line":45,"column":0},"end":{"line":45,"column":55}},"45":{"start":{"line":46,"column":0},"end":{"line":46,"column":0}},"46":{"start":{"line":47,"column":0},"end":{"line":47,"column":10}},"47":{"start":{"line":48,"column":0},"end":{"line":48,"column":9}},"48":{"start":{"line":49,"column":0},"end":{"line":49,"column":14}},"49":{"start":{"line":50,"column":0},"end":{"line":50,"column":28}},"50":{"start":{"line":51,"column":0},"end":{"line":51,"column":29}},"51":{"start":{"line":52,"column":0},"end":{"line":52,"column":34}},"52":{"start":{"line":53,"column":0},"end":{"line":53,"column":8}},"53":{"start":{"line":54,"column":0},"end":{"line":54,"column":15}},"54":{"start":{"line":55,"column":0},"end":{"line":55,"column":47}},"55":{"start":{"line":56,"column":0},"end":{"line":56,"column":46}},"56":{"start":{"line":57,"column":0},"end":{"line":57,"column":37}},"57":{"start":{"line":58,"column":0},"end":{"line":58,"column":48}},"58":{"start":{"line":59,"column":0},"end":{"line":59,"column":13}},"59":{"start":{"line":60,"column":0},"end":{"line":60,"column":46}},"60":{"start":{"line":61,"column":0},"end":{"line":61,"column":37}},"61":{"start":{"line":62,"column":0},"end":{"line":62,"column":49}},"62":{"start":{"line":63,"column":0},"end":{"line":63,"column":13}},"63":{"start":{"line":64,"column":0},"end":{"line":64,"column":46}},"64":{"start":{"line":65,"column":0},"end":{"line":65,"column":37}},"65":{"start":{"line":66,"column":0},"end":{"line":66,"column":50}},"66":{"start":{"line":67,"column":0},"end":{"line":67,"column":13}},"67":{"start":{"line":68,"column":0},"end":{"line":68,"column":10}},"68":{"start":{"line":69,"column":0},"end":{"line":69,"column":10}},"69":{"start":{"line":70,"column":0},"end":{"line":70,"column":9}},"70":{"start":{"line":71,"column":0},"end":{"line":71,"column":30}},"71":{"start":{"line":72,"column":0},"end":{"line":72,"column":21}},"72":{"start":{"line":73,"column":0},"end":{"line":73,"column":22}},"73":{"start":{"line":74,"column":0},"end":{"line":74,"column":25}},"74":{"start":{"line":75,"column":0},"end":{"line":75,"column":23}},"75":{"start":{"line":76,"column":0},"end":{"line":76,"column":19}},"76":{"start":{"line":77,"column":0},"end":{"line":77,"column":22}},"77":{"start":{"line":78,"column":0},"end":{"line":78,"column":23}},"78":{"start":{"line":79,"column":0},"end":{"line":79,"column":24}},"79":{"start":{"line":80,"column":0},"end":{"line":80,"column":25}},"80":{"start":{"line":81,"column":0},"end":{"line":81,"column":23}},"81":{"start":{"line":82,"column":0},"end":{"line":82,"column":12}},"82":{"start":{"line":83,"column":0},"end":{"line":83,"column":14}},"83":{"start":{"line":84,"column":0},"end":{"line":84,"column":15}},"84":{"start":{"line":85,"column":0},"end":{"line":85,"column":0}},"85":{"start":{"line":86,"column":0},"end":{"line":86,"column":12}},"86":{"start":{"line":87,"column":0},"end":{"line":87,"column":19}},"87":{"start":{"line":88,"column":0},"end":{"line":88,"column":28}},"88":{"start":{"line":89,"column":0},"end":{"line":89,"column":21}},"89":{"start":{"line":90,"column":0},"end":{"line":90,"column":43}},"90":{"start":{"line":91,"column":0},"end":{"line":91,"column":50}},"91":{"start":{"line":92,"column":0},"end":{"line":92,"column":7}},"92":{"start":{"line":93,"column":0},"end":{"line":93,"column":19}},"93":{"start":{"line":94,"column":0},"end":{"line":94,"column":29}},"94":{"start":{"line":95,"column":0},"end":{"line":95,"column":75}},"95":{"start":{"line":96,"column":0},"end":{"line":96,"column":21}},"96":{"start":{"line":97,"column":0},"end":{"line":97,"column":25}},"97":{"start":{"line":98,"column":0},"end":{"line":98,"column":105}},"98":{"start":{"line":99,"column":0},"end":{"line":99,"column":62}},"99":{"start":{"line":100,"column":0},"end":{"line":100,"column":32}},"100":{"start":{"line":101,"column":0},"end":{"line":101,"column":30}},"101":{"start":{"line":102,"column":0},"end":{"line":102,"column":0}},"102":{"start":{"line":103,"column":0},"end":{"line":103,"column":29}},"103":{"start":{"line":104,"column":0},"end":{"line":104,"column":184}},"104":{"start":{"line":105,"column":0},"end":{"line":105,"column":20}},"105":{"start":{"line":106,"column":0},"end":{"line":106,"column":14}},"106":{"start":{"line":107,"column":0},"end":{"line":107,"column":10}},"107":{"start":{"line":108,"column":0},"end":{"line":108,"column":3}},"108":{"start":{"line":109,"column":0},"end":{"line":109,"column":1}},"109":{"start":{"line":110,"column":0},"end":{"line":110,"column":25}}},"s":{"0":1,"1":1,"2":1,"3":1,"4":1,"5":1,"6":1,"7":1,"8":1,"9":1,"10":1,"11":1,"12":1,"13":1,"14":1,"15":1,"16":1,"17":1,"18":1,"19":1,"20":1,"21":1,"22":1,"23":1,"24":1,"25":1,"26":1,"27":1,"28":1,"29":1,"30":1,"31":1,"32":12,"33":12,"34":12,"35":12,"36":12,"37":12,"38":12,"39":12,"40":12,"41":12,"42":12,"43":12,"44":12,"45":12,"46":12,"47":12,"48":12,"49":12,"50":12,"51":12,"52":12,"53":12,"54":12,"55":12,"56":0,"57":0,"58":12,"59":12,"60":0,"61":0,"62":12,"63":12,"64":8,"65":8,"66":12,"67":12,"68":12,"69":12,"70":12,"71":4,"72":4,"73":4,"74":4,"75":12,"76":8,"77":8,"78":0,"79":0,"80":0,"81":8,"82":12,"83":12,"84":12,"85":12,"86":12,"87":12,"88":12,"89":12,"90":12,"91":12,"92":12,"93":12,"94":12,"95":12,"96":12,"97":12,"98":12,"99":12,"100":12,"101":12,"102":12,"103":12,"104":12,"105":12,"106":12,"107":12,"108":12,"109":1},"branchMap":{"0":{"type":"branch","line":32,"loc":{"start":{"line":32,"column":41},"end":{"line":109,"column":1}},"locations":[{"start":{"line":32,"column":41},"end":{"line":109,"column":1}}]},"1":{"type":"branch","line":56,"loc":{"start":{"line":56,"column":24},"end":{"line":56,"column":41}},"locations":[{"start":{"line":56,"column":24},"end":{"line":56,"column":41}}]},"2":{"type":"branch","line":56,"loc":{"start":{"line":56,"column":41},"end":{"line":59,"column":12}},"locations":[{"start":{"line":56,"column":41},"end":{"line":59,"column":12}}]},"3":{"type":"branch","line":60,"loc":{"start":{"line":60,"column":24},"end":{"line":60,"column":41}},"locations":[{"start":{"line":60,"column":24},"end":{"line":60,"column":41}}]},"4":{"type":"branch","line":60,"loc":{"start":{"line":60,"column":41},"end":{"line":63,"column":12}},"locations":[{"start":{"line":60,"column":41},"end":{"line":63,"column":12}}]},"5":{"type":"branch","line":64,"loc":{"start":{"line":64,"column":24},"end":{"line":64,"column":41}},"locations":[{"start":{"line":64,"column":24},"end":{"line":64,"column":41}}]},"6":{"type":"branch","line":64,"loc":{"start":{"line":64,"column":41},"end":{"line":67,"column":12}},"locations":[{"start":{"line":64,"column":41},"end":{"line":67,"column":12}}]},"7":{"type":"branch","line":71,"loc":{"start":{"line":71,"column":24},"end":{"line":76,"column":12}},"locations":[{"start":{"line":71,"column":24},"end":{"line":76,"column":12}}]},"8":{"type":"branch","line":76,"loc":{"start":{"line":76,"column":13},"end":{"line":83,"column":12}},"locations":[{"start":{"line":76,"column":13},"end":{"line":83,"column":12}}]},"9":{"type":"branch","line":78,"loc":{"start":{"line":78,"column":18},"end":{"line":81,"column":23}},"locations":[{"start":{"line":78,"column":18},"end":{"line":81,"column":23}}]},"10":{"type":"branch","line":104,"loc":{"start":{"line":104,"column":25},"end":{"line":104,"column":83}},"locations":[{"start":{"line":104,"column":25},"end":{"line":104,"column":83}}]},"11":{"type":"branch","line":104,"loc":{"start":{"line":104,"column":84},"end":{"line":104,"column":182}},"locations":[{"start":{"line":104,"column":84},"end":{"line":104,"column":182}}]},"12":{"type":"branch","line":43,"loc":{"start":{"line":43,"column":23},"end":{"line":43,"column":36}},"locations":[{"start":{"line":43,"column":23},"end":{"line":43,"column":36}}]},"13":{"type":"branch","line":44,"loc":{"start":{"line":44,"column":24},"end":{"line":44,"column":37}},"locations":[{"start":{"line":44,"column":24},"end":{"line":44,"column":37}}]}},"b":{"0":[12],"1":[8],"2":[0],"3":[8],"4":[0],"5":[8],"6":[8],"7":[4],"8":[8],"9":[0],"10":[4],"11":[8],"12":[1],"13":[1]},"fnMap":{"0":{"name":"BasicModal","decl":{"start":{"line":32,"column":41},"end":{"line":109,"column":1}},"loc":{"start":{"line":32,"column":41},"end":{"line":109,"column":1}},"line":32},"1":{"name":"handleOpen","decl":{"start":{"line":43,"column":23},"end":{"line":43,"column":36}},"loc":{"start":{"line":43,"column":23},"end":{"line":43,"column":36}},"line":43},"2":{"name":"handleClose","decl":{"start":{"line":44,"column":24},"end":{"line":44,"column":37}},"loc":{"start":{"line":44,"column":24},"end":{"line":44,"column":37}},"line":44}},"f":{"0":12,"1":1,"2":1}}
,"/Users/benzinho/dev/BU/MET CS673 - Software Engineering/group-project-team2/CS673_Frontend_TS_React/src/components/ExternalAPI.tsx": {"path":"/Users/benzinho/dev/BU/MET CS673 - Software Engineering/group-project-team2/CS673_Frontend_TS_React/src/components/ExternalAPI.tsx","all":true,"statementMap":{"0":{"start":{"line":1,"column":0},"end":{"line":1,"column":25}},"1":{"start":{"line":2,"column":0},"end":{"line":2,"column":73}},"2":{"start":{"line":3,"column":0},"end":{"line":3,"column":0}},"3":{"start":{"line":4,"column":0},"end":{"line":4,"column":43}},"4":{"start":{"line":5,"column":0},"end":{"line":5,"column":50}},"5":{"start":{"line":6,"column":0},"end":{"line":6,"column":47}},"6":{"start":{"line":7,"column":0},"end":{"line":7,"column":0}},"7":{"start":{"line":8,"column":0},"end":{"line":8,"column":31}},"8":{"start":{"line":9,"column":0},"end":{"line":9,"column":9}},"9":{"start":{"line":10,"column":0},"end":{"line":10,"column":50}},"10":{"start":{"line":11,"column":0},"end":{"line":11,"column":0}},"11":{"start":{"line":12,"column":0},"end":{"line":12,"column":67}},"12":{"start":{"line":13,"column":0},"end":{"line":13,"column":18}},"13":{"start":{"line":14,"column":0},"end":{"line":14,"column":43}},"14":{"start":{"line":15,"column":0},"end":{"line":15,"column":10}},"15":{"start":{"line":16,"column":0},"end":{"line":16,"column":8}},"16":{"start":{"line":17,"column":0},"end":{"line":17,"column":0}},"17":{"start":{"line":18,"column":0},"end":{"line":18,"column":48}},"18":{"start":{"line":19,"column":0},"end":{"line":19,"column":30}},"19":{"start":{"line":20,"column":0},"end":{"line":20,"column":21}},"20":{"start":{"line":21,"column":0},"end":{"line":21,"column":35}},"21":{"start":{"line":22,"column":0},"end":{"line":22,"column":5}},"22":{"start":{"line":23,"column":0},"end":{"line":23,"column":3}},"23":{"start":{"line":24,"column":0},"end":{"line":24,"column":0}},"24":{"start":{"line":25,"column":0},"end":{"line":25,"column":10}},"25":{"start":{"line":26,"column":0},"end":{"line":26,"column":20}},"26":{"start":{"line":27,"column":0},"end":{"line":27,"column":65}},"27":{"start":{"line":28,"column":0},"end":{"line":28,"column":16}},"28":{"start":{"line":29,"column":0},"end":{"line":29,"column":15}},"29":{"start":{"line":30,"column":0},"end":{"line":30,"column":0}},"30":{"start":{"line":31,"column":0},"end":{"line":31,"column":46}},"31":{"start":{"line":32,"column":0},"end":{"line":32,"column":21}},"32":{"start":{"line":33,"column":0},"end":{"line":33,"column":65}},"33":{"start":{"line":34,"column":0},"end":{"line":34,"column":45}},"34":{"start":{"line":35,"column":0},"end":{"line":35,"column":20}},"35":{"start":{"line":36,"column":0},"end":{"line":36,"column":61}},"36":{"start":{"line":37,"column":0},"end":{"line":37,"column":21}},"37":{"start":{"line":38,"column":0},"end":{"line":38,"column":16}},"38":{"start":{"line":39,"column":0},"end":{"line":39,"column":10}},"39":{"start":{"line":40,"column":0},"end":{"line":40,"column":12}},"40":{"start":{"line":41,"column":0},"end":{"line":41,"column":21}},"41":{"start":{"line":42,"column":0},"end":{"line":42,"column":3}},"42":{"start":{"line":43,"column":0},"end":{"line":43,"column":1}},"43":{"start":{"line":44,"column":0},"end":{"line":44,"column":0}},"44":{"start":{"line":45,"column":0},"end":{"line":45,"column":65}},"45":{"start":{"line":46,"column":0},"end":{"line":46,"column":42}},"46":{"start":{"line":47,"column":0},"end":{"line":47,"column":2}},"47":{"start":{"line":48,"column":0},"end":{"line":48,"column":0}},"48":{"start":{"line":49,"column":0},"end":{"line":49,"column":4}},"49":{"start":{"line":50,"column":0},"end":{"line":50,"column":43}},"50":{"start":{"line":51,"column":0},"end":{"line":51,"column":52}},"51":{"start":{"line":52,"column":0},"end":{"line":52,"column":46}},"52":{"start":{"line":53,"column":0},"end":{"line":53,"column":4}}},"s":{"0":0,"1":0,"2":0,"3":0,"4":0,"5":0,"6":0,"7":0,"8":0,"9":0,"10":0,"11":0,"12":0,"13":0,"14":0,"15":0,"16":0,"17":0,"18":0,"19":0,"20":0,"21":0,"22":0,"23":0,"24":0,"25":0,"26":0,"27":0,"28":0,"29":0,"30":0,"31":0,"32":0,"33":0,"34":0,"35":0,"36":0,"37":0,"38":0,"39":0,"40":0,"41":0,"42":0,"43":0,"44":0,"45":0,"46":0,"47":0,"48":0,"49":0,"50":0,"51":0,"52":0},"branchMap":{"0":{"type":"branch","line":1,"loc":{"start":{"line":1,"column":0},"end":{"line":53,"column":4}},"locations":[{"start":{"line":1,"column":0},"end":{"line":53,"column":4}}]}},"b":{"0":[0]},"fnMap":{"0":{"name":"(empty-report)","decl":{"start":{"line":1,"column":0},"end":{"line":53,"column":4}},"loc":{"start":{"line":1,"column":0},"end":{"line":53,"column":4}},"line":1}},"f":{"0":0}}
,"/Users/benzinho/dev/BU/MET CS673 - Software Engineering/group-project-team2/CS673_Frontend_TS_React/src/components/HomePageHeader.tsx": {"path":"/Users/benzinho/dev/BU/MET CS673 - Software Engineering/group-project-team2/CS673_Frontend_TS_React/src/components/HomePageHeader.tsx","all":true,"statementMap":{"0":{"start":{"line":1,"column":0},"end":{"line":1,"column":30}},"1":{"start":{"line":2,"column":0},"end":{"line":2,"column":76}},"2":{"start":{"line":3,"column":0},"end":{"line":3,"column":0}},"3":{"start":{"line":4,"column":0},"end":{"line":4,"column":45}},"4":{"start":{"line":5,"column":0},"end":{"line":5,"column":35}},"5":{"start":{"line":6,"column":0},"end":{"line":6,"column":39}},"6":{"start":{"line":7,"column":0},"end":{"line":7,"column":37}},"7":{"start":{"line":8,"column":0},"end":{"line":8,"column":41}},"8":{"start":{"line":9,"column":0},"end":{"line":9,"column":49}},"9":{"start":{"line":10,"column":0},"end":{"line":10,"column":37}},"10":{"start":{"line":11,"column":0},"end":{"line":11,"column":37}},"11":{"start":{"line":12,"column":0},"end":{"line":12,"column":0}},"12":{"start":{"line":13,"column":0},"end":{"line":13,"column":15}},"13":{"start":{"line":14,"column":0},"end":{"line":14,"column":37}},"14":{"start":{"line":15,"column":0},"end":{"line":15,"column":13}},"15":{"start":{"line":16,"column":0},"end":{"line":16,"column":14}},"16":{"start":{"line":17,"column":0},"end":{"line":17,"column":37}},"17":{"start":{"line":18,"column":0},"end":{"line":18,"column":13}},"18":{"start":{"line":19,"column":0},"end":{"line":19,"column":30}},"19":{"start":{"line":20,"column":0},"end":{"line":20,"column":27}},"20":{"start":{"line":21,"column":0},"end":{"line":21,"column":16}},"21":{"start":{"line":22,"column":0},"end":{"line":22,"column":7}},"22":{"start":{"line":23,"column":0},"end":{"line":23,"column":1}},"23":{"start":{"line":24,"column":0},"end":{"line":24,"column":0}},"24":{"start":{"line":25,"column":0},"end":{"line":25,"column":30}},"25":{"start":{"line":26,"column":0},"end":{"line":26,"column":47}},"26":{"start":{"line":27,"column":0},"end":{"line":27,"column":40}},"27":{"start":{"line":28,"column":0},"end":{"line":28,"column":42}},"28":{"start":{"line":29,"column":0},"end":{"line":29,"column":0}},"29":{"start":{"line":30,"column":0},"end":{"line":30,"column":10}},"30":{"start":{"line":31,"column":0},"end":{"line":31,"column":31}},"31":{"start":{"line":32,"column":0},"end":{"line":32,"column":10}},"32":{"start":{"line":33,"column":0},"end":{"line":33,"column":16}},"33":{"start":{"line":34,"column":0},"end":{"line":34,"column":26}},"34":{"start":{"line":35,"column":0},"end":{"line":35,"column":42}},"35":{"start":{"line":36,"column":0},"end":{"line":36,"column":10}},"36":{"start":{"line":37,"column":0},"end":{"line":37,"column":7}},"37":{"start":{"line":38,"column":0},"end":{"line":38,"column":45}},"38":{"start":{"line":39,"column":0},"end":{"line":39,"column":108}},"39":{"start":{"line":40,"column":0},"end":{"line":40,"column":14}},"40":{"start":{"line":41,"column":0},"end":{"line":41,"column":50}},"41":{"start":{"line":42,"column":0},"end":{"line":42,"column":57}},"42":{"start":{"line":43,"column":0},"end":{"line":43,"column":21}},"43":{"start":{"line":44,"column":0},"end":{"line":44,"column":31}},"44":{"start":{"line":45,"column":0},"end":{"line":45,"column":30}},"45":{"start":{"line":46,"column":0},"end":{"line":46,"column":38}},"46":{"start":{"line":47,"column":0},"end":{"line":47,"column":26}},"47":{"start":{"line":48,"column":0},"end":{"line":48,"column":25}},"48":{"start":{"line":49,"column":0},"end":{"line":49,"column":12}},"49":{"start":{"line":50,"column":0},"end":{"line":50,"column":9}},"50":{"start":{"line":51,"column":0},"end":{"line":51,"column":26}},"51":{"start":{"line":52,"column":0},"end":{"line":52,"column":28}},"52":{"start":{"line":53,"column":0},"end":{"line":53,"column":25}},"53":{"start":{"line":54,"column":0},"end":{"line":54,"column":43}},"54":{"start":{"line":55,"column":0},"end":{"line":55,"column":28}},"55":{"start":{"line":56,"column":0},"end":{"line":56,"column":30}},"56":{"start":{"line":57,"column":0},"end":{"line":57,"column":32}},"57":{"start":{"line":58,"column":0},"end":{"line":58,"column":15}},"58":{"start":{"line":59,"column":0},"end":{"line":59,"column":37}},"59":{"start":{"line":60,"column":0},"end":{"line":60,"column":27}},"60":{"start":{"line":61,"column":0},"end":{"line":61,"column":20}},"61":{"start":{"line":62,"column":0},"end":{"line":62,"column":29}},"62":{"start":{"line":63,"column":0},"end":{"line":63,"column":21}},"63":{"start":{"line":64,"column":0},"end":{"line":64,"column":39}},"64":{"start":{"line":65,"column":0},"end":{"line":65,"column":34}},"65":{"start":{"line":66,"column":0},"end":{"line":66,"column":37}},"66":{"start":{"line":67,"column":0},"end":{"line":67,"column":18}},"67":{"start":{"line":68,"column":0},"end":{"line":68,"column":15}},"68":{"start":{"line":69,"column":0},"end":{"line":69,"column":48}},"69":{"start":{"line":70,"column":0},"end":{"line":70,"column":22}},"70":{"start":{"line":71,"column":0},"end":{"line":71,"column":20}},"71":{"start":{"line":72,"column":0},"end":{"line":72,"column":29}},"72":{"start":{"line":73,"column":0},"end":{"line":73,"column":21}},"73":{"start":{"line":74,"column":0},"end":{"line":74,"column":38}},"74":{"start":{"line":75,"column":0},"end":{"line":75,"column":39}},"75":{"start":{"line":76,"column":0},"end":{"line":76,"column":34}},"76":{"start":{"line":77,"column":0},"end":{"line":77,"column":37}},"77":{"start":{"line":78,"column":0},"end":{"line":78,"column":18}},"78":{"start":{"line":79,"column":0},"end":{"line":79,"column":15}},"79":{"start":{"line":80,"column":0},"end":{"line":80,"column":51}},"80":{"start":{"line":81,"column":0},"end":{"line":81,"column":22}},"81":{"start":{"line":82,"column":0},"end":{"line":82,"column":0}},"82":{"start":{"line":83,"column":0},"end":{"line":83,"column":20}},"83":{"start":{"line":84,"column":0},"end":{"line":84,"column":29}},"84":{"start":{"line":85,"column":0},"end":{"line":85,"column":21}},"85":{"start":{"line":86,"column":0},"end":{"line":86,"column":39}},"86":{"start":{"line":87,"column":0},"end":{"line":87,"column":34}},"87":{"start":{"line":88,"column":0},"end":{"line":88,"column":37}},"88":{"start":{"line":89,"column":0},"end":{"line":89,"column":18}},"89":{"start":{"line":90,"column":0},"end":{"line":90,"column":15}},"90":{"start":{"line":91,"column":0},"end":{"line":91,"column":52}},"91":{"start":{"line":92,"column":0},"end":{"line":92,"column":22}},"92":{"start":{"line":93,"column":0},"end":{"line":93,"column":0}},"93":{"start":{"line":94,"column":0},"end":{"line":94,"column":14}},"94":{"start":{"line":95,"column":0},"end":{"line":95,"column":0}},"95":{"start":{"line":96,"column":0},"end":{"line":96,"column":72}},"96":{"start":{"line":97,"column":0},"end":{"line":97,"column":59}},"97":{"start":{"line":98,"column":0},"end":{"line":98,"column":33}},"98":{"start":{"line":99,"column":0},"end":{"line":99,"column":62}},"99":{"start":{"line":100,"column":0},"end":{"line":100,"column":21}},"100":{"start":{"line":101,"column":0},"end":{"line":101,"column":59}},"101":{"start":{"line":102,"column":0},"end":{"line":102,"column":32}},"102":{"start":{"line":103,"column":0},"end":{"line":103,"column":63}},"103":{"start":{"line":104,"column":0},"end":{"line":104,"column":21}},"104":{"start":{"line":105,"column":0},"end":{"line":105,"column":59}},"105":{"start":{"line":106,"column":0},"end":{"line":106,"column":30}},"106":{"start":{"line":107,"column":0},"end":{"line":107,"column":56}},"107":{"start":{"line":108,"column":0},"end":{"line":108,"column":21}},"108":{"start":{"line":109,"column":0},"end":{"line":109,"column":26}},"109":{"start":{"line":110,"column":0},"end":{"line":110,"column":18}},"110":{"start":{"line":111,"column":0},"end":{"line":111,"column":17}},"111":{"start":{"line":112,"column":0},"end":{"line":112,"column":16}},"112":{"start":{"line":113,"column":0},"end":{"line":113,"column":12}},"113":{"start":{"line":114,"column":0},"end":{"line":114,"column":10}},"114":{"start":{"line":115,"column":0},"end":{"line":115,"column":16}},"115":{"start":{"line":116,"column":0},"end":{"line":116,"column":26}},"116":{"start":{"line":117,"column":0},"end":{"line":117,"column":37}},"117":{"start":{"line":118,"column":0},"end":{"line":118,"column":29}},"118":{"start":{"line":119,"column":0},"end":{"line":119,"column":10}},"119":{"start":{"line":120,"column":0},"end":{"line":120,"column":7}},"120":{"start":{"line":121,"column":0},"end":{"line":121,"column":32}},"121":{"start":{"line":122,"column":0},"end":{"line":122,"column":67}},"122":{"start":{"line":123,"column":0},"end":{"line":123,"column":0}},"123":{"start":{"line":124,"column":0},"end":{"line":124,"column":24}},"124":{"start":{"line":125,"column":0},"end":{"line":125,"column":12}},"125":{"start":{"line":126,"column":0},"end":{"line":126,"column":32}},"126":{"start":{"line":127,"column":0},"end":{"line":127,"column":3}},"127":{"start":{"line":128,"column":0},"end":{"line":128,"column":1}},"128":{"start":{"line":129,"column":0},"end":{"line":129,"column":29}}},"s":{"0":0,"1":0,"2":0,"3":0,"4":0,"5":0,"6":0,"7":0,"8":0,"9":0,"10":0,"11":0,"12":0,"13":0,"14":0,"15":0,"16":0,"17":0,"18":0,"19":0,"20":0,"21":0,"22":0,"23":0,"24":0,"25":0,"26":0,"27":0,"28":0,"29":0,"30":0,"31":0,"32":0,"33":0,"34":0,"35":0,"36":0,"37":0,"38":0,"39":0,"40":0,"41":0,"42":0,"43":0,"44":0,"45":0,"46":0,"47":0,"48":0,"49":0,"50":0,"51":0,"52":0,"53":0,"54":0,"55":0,"56":0,"57":0,"58":0,"59":0,"60":0,"61":0,"62":0,"63":0,"64":0,"65":0,"66":0,"67":0,"68":0,"69":0,"70":0,"71":0,"72":0,"73":0,"74":0,"75":0,"76":0,"77":0,"78":0,"79":0,"80":0,"81":0,"82":0,"83":0,"84":0,"85":0,"86":0,"87":0,"88":0,"89":0,"90":0,"91":0,"92":0,"93":0,"94":0,"95":0,"96":0,"97":0,"98":0,"99":0,"100":0,"101":0,"102":0,"103":0,"104":0,"105":0,"106":0,"107":0,"108":0,"109":0,"110":0,"111":0,"112":0,"113":0,"114":0,"115":0,"116":0,"117":0,"118":0,"119":0,"120":0,"121":0,"122":0,"123":0,"124":0,"125":0,"126":0,"127":0,"128":0},"branchMap":{"0":{"type":"branch","line":1,"loc":{"start":{"line":1,"column":0},"end":{"line":129,"column":29}},"locations":[{"start":{"line":1,"column":0},"end":{"line":129,"column":29}}]}},"b":{"0":[0]},"fnMap":{"0":{"name":"(empty-report)","decl":{"start":{"line":1,"column":0},"end":{"line":129,"column":29}},"loc":{"start":{"line":1,"column":0},"end":{"line":129,"column":29}},"line":1}},"f":{"0":0}}
,"/Users/benzinho/dev/BU/MET CS673 - Software Engineering/group-project-team2/CS673_Frontend_TS_React/src/components/Login.tsx": {"path":"/Users/benzinho/dev/BU/MET CS673 - Software Engineering/group-project-team2/CS673_Frontend_TS_React/src/components/Login.tsx","all":true,"statementMap":{"0":{"start":{"line":1,"column":0},"end":{"line":1,"column":30}},"1":{"start":{"line":2,"column":0},"end":{"line":2,"column":45}},"2":{"start":{"line":3,"column":0},"end":{"line":3,"column":52}},"3":{"start":{"line":4,"column":0},"end":{"line":4,"column":22}},"4":{"start":{"line":5,"column":0},"end":{"line":5,"column":25}},"5":{"start":{"line":6,"column":0},"end":{"line":6,"column":1}},"6":{"start":{"line":7,"column":0},"end":{"line":7,"column":61}},"7":{"start":{"line":8,"column":0},"end":{"line":8,"column":42}},"8":{"start":{"line":9,"column":0},"end":{"line":9,"column":0}},"9":{"start":{"line":10,"column":0},"end":{"line":10,"column":10}},"10":{"start":{"line":11,"column":0},"end":{"line":11,"column":70}},"11":{"start":{"line":12,"column":0},"end":{"line":12,"column":20}},"12":{"start":{"line":13,"column":0},"end":{"line":13,"column":24}},"13":{"start":{"line":14,"column":0},"end":{"line":14,"column":3}},"14":{"start":{"line":15,"column":0},"end":{"line":15,"column":1}},"15":{"start":{"line":16,"column":0},"end":{"line":16,"column":0}},"16":{"start":{"line":17,"column":0},"end":{"line":17,"column":20}}},"s":{"0":0,"1":0,"2":0,"3":0,"4":0,"5":0,"6":0,"7":0,"8":0,"9":0,"10":0,"11":0,"12":0,"13":0,"14":0,"15":0,"16":0},"branchMap":{"0":{"type":"branch","line":1,"loc":{"start":{"line":1,"column":0},"end":{"line":17,"column":20}},"locations":[{"start":{"line":1,"column":0},"end":{"line":17,"column":20}}]}},"b":{"0":[0]},"fnMap":{"0":{"name":"(empty-report)","decl":{"start":{"line":1,"column":0},"end":{"line":17,"column":20}},"loc":{"start":{"line":1,"column":0},"end":{"line":17,"column":20}},"line":1}},"f":{"0":0}}
,"/Users/benzinho/dev/BU/MET CS673 - Software Engineering/group-project-team2/CS673_Frontend_TS_React/src/components/Logout.tsx": {"path":"/Users/benzinho/dev/BU/MET CS673 - Software Engineering/group-project-team2/CS673_Frontend_TS_React/src/components/Logout.tsx","all":true,"statementMap":{"0":{"start":{"line":1,"column":0},"end":{"line":1,"column":30}},"1":{"start":{"line":2,"column":0},"end":{"line":2,"column":45}},"2":{"start":{"line":3,"column":0},"end":{"line":3,"column":53}},"3":{"start":{"line":4,"column":0},"end":{"line":4,"column":0}},"4":{"start":{"line":5,"column":0},"end":{"line":5,"column":32}},"5":{"start":{"line":6,"column":0},"end":{"line":6,"column":31}},"6":{"start":{"line":7,"column":0},"end":{"line":7,"column":0}},"7":{"start":{"line":8,"column":0},"end":{"line":8,"column":10}},"8":{"start":{"line":9,"column":0},"end":{"line":9,"column":23}},"9":{"start":{"line":10,"column":0},"end":{"line":10,"column":66}},"10":{"start":{"line":11,"column":0},"end":{"line":11,"column":5}},"11":{"start":{"line":12,"column":0},"end":{"line":12,"column":12}},"12":{"start":{"line":13,"column":0},"end":{"line":13,"column":25}},"13":{"start":{"line":14,"column":0},"end":{"line":14,"column":3}},"14":{"start":{"line":15,"column":0},"end":{"line":15,"column":1}},"15":{"start":{"line":16,"column":0},"end":{"line":16,"column":0}},"16":{"start":{"line":17,"column":0},"end":{"line":17,"column":21}}},"s":{"0":0,"1":0,"2":0,"3":0,"4":0,"5":0,"6":0,"7":0,"8":0,"9":0,"10":0,"11":0,"12":0,"13":0,"14":0,"15":0,"16":0},"branchMap":{"0":{"type":"branch","line":1,"loc":{"start":{"line":1,"column":0},"end":{"line":17,"column":21}},"locations":[{"start":{"line":1,"column":0},"end":{"line":17,"column":21}}]}},"b":{"0":[0]},"fnMap":{"0":{"name":"(empty-report)","decl":{"start":{"line":1,"column":0},"end":{"line":17,"column":21}},"loc":{"start":{"line":1,"column":0},"end":{"line":17,"column":21}},"line":1}},"f":{"0":0}}
,"/Users/benzinho/dev/BU/MET CS673 - Software Engineering/group-project-team2/CS673_Frontend_TS_React/src/components/NavMenuItems.tsx": {"path":"/Users/benzinho/dev/BU/MET CS673 - Software Engineering/group-project-team2/CS673_Frontend_TS_React/src/components/NavMenuItems.tsx","all":false,"statementMap":{"0":{"start":{"line":1,"column":0},"end":{"line":1,"column":63}},"1":{"start":{"line":2,"column":0},"end":{"line":2,"column":29}},"2":{"start":{"line":3,"column":0},"end":{"line":3,"column":27}},"3":{"start":{"line":4,"column":0},"end":{"line":4,"column":44}},"4":{"start":{"line":5,"column":0},"end":{"line":5,"column":45}},"5":{"start":{"line":6,"column":0},"end":{"line":6,"column":0}},"6":{"start":{"line":7,"column":0},"end":{"line":7,"column":28}},"7":{"start":{"line":8,"column":0},"end":{"line":8,"column":46}},"8":{"start":{"line":9,"column":0},"end":{"line":9,"column":0}},"9":{"start":{"line":10,"column":0},"end":{"line":10,"column":30}},"10":{"start":{"line":11,"column":0},"end":{"line":11,"column":53}},"11":{"start":{"line":12,"column":0},"end":{"line":12,"column":12}},"12":{"start":{"line":13,"column":0},"end":{"line":13,"column":21}},"13":{"start":{"line":14,"column":0},"end":{"line":14,"column":62}},"14":{"start":{"line":15,"column":0},"end":{"line":15,"column":0}},"15":{"start":{"line":16,"column":0},"end":{"line":16,"column":54}},"16":{"start":{"line":17,"column":0},"end":{"line":17,"column":56}},"17":{"start":{"line":18,"column":0},"end":{"line":18,"column":36}},"18":{"start":{"line":19,"column":0},"end":{"line":19,"column":21}},"19":{"start":{"line":20,"column":0},"end":{"line":20,"column":24}},"20":{"start":{"line":21,"column":0},"end":{"line":21,"column":18}},"21":{"start":{"line":22,"column":0},"end":{"line":22,"column":31}},"22":{"start":{"line":23,"column":0},"end":{"line":23,"column":22}},"23":{"start":{"line":24,"column":0},"end":{"line":24,"column":5}},"24":{"start":{"line":25,"column":0},"end":{"line":25,"column":0}},"25":{"start":{"line":26,"column":0},"end":{"line":26,"column":10}},"26":{"start":{"line":27,"column":0},"end":{"line":27,"column":68}},"27":{"start":{"line":28,"column":0},"end":{"line":28,"column":19}},"28":{"start":{"line":29,"column":0},"end":{"line":29,"column":34}},"29":{"start":{"line":30,"column":0},"end":{"line":30,"column":17}},"30":{"start":{"line":31,"column":0},"end":{"line":31,"column":22}},"31":{"start":{"line":32,"column":0},"end":{"line":32,"column":56}},"32":{"start":{"line":33,"column":0},"end":{"line":33,"column":58}},"33":{"start":{"line":34,"column":0},"end":{"line":34,"column":29}},"34":{"start":{"line":35,"column":0},"end":{"line":35,"column":20}},"35":{"start":{"line":36,"column":0},"end":{"line":36,"column":3}},"36":{"start":{"line":37,"column":0},"end":{"line":37,"column":1}},"37":{"start":{"line":38,"column":0},"end":{"line":38,"column":27}}},"s":{"0":1,"1":1,"2":1,"3":1,"4":1,"5":1,"6":1,"7":4,"8":4,"9":4,"10":4,"11":4,"12":2,"13":2,"14":2,"15":2,"16":2,"17":2,"18":2,"19":2,"20":2,"21":2,"22":2,"23":2,"24":2,"25":2,"26":2,"27":2,"28":2,"29":2,"30":2,"31":2,"32":2,"33":2,"34":2,"35":2,"36":2,"37":1},"branchMap":{"0":{"type":"branch","line":7,"loc":{"start":{"line":7,"column":21},"end":{"line":37,"column":1}},"locations":[{"start":{"line":7,"column":21},"end":{"line":37,"column":1}}]},"1":{"type":"branch","line":10,"loc":{"start":{"line":10,"column":21},"end":{"line":10,"column":29}},"locations":[{"start":{"line":10,"column":21},"end":{"line":10,"column":29}}]},"2":{"type":"branch","line":12,"loc":{"start":{"line":12,"column":4},"end":{"line":37,"column":1}},"locations":[{"start":{"line":12,"column":4},"end":{"line":37,"column":1}}]}},"b":{"0":[4],"1":[2],"2":[2]},"fnMap":{"0":{"name":"NavMenuItems","decl":{"start":{"line":7,"column":21},"end":{"line":37,"column":1}},"loc":{"start":{"line":7,"column":21},"end":{"line":37,"column":1}},"line":7}},"f":{"0":4}}
,"/Users/benzinho/dev/BU/MET CS673 - Software Engineering/group-project-team2/CS673_Frontend_TS_React/src/components/Navbar.tsx": {"path":"/Users/benzinho/dev/BU/MET CS673 - Software Engineering/group-project-team2/CS673_Frontend_TS_React/src/components/Navbar.tsx","all":true,"statementMap":{"0":{"start":{"line":1,"column":0},"end":{"line":1,"column":37}},"1":{"start":{"line":2,"column":0},"end":{"line":2,"column":113}},"2":{"start":{"line":3,"column":0},"end":{"line":3,"column":55}},"3":{"start":{"line":4,"column":0},"end":{"line":4,"column":52}},"4":{"start":{"line":5,"column":0},"end":{"line":5,"column":41}},"5":{"start":{"line":6,"column":0},"end":{"line":6,"column":40}},"6":{"start":{"line":7,"column":0},"end":{"line":7,"column":0}},"7":{"start":{"line":8,"column":0},"end":{"line":8,"column":39}},"8":{"start":{"line":9,"column":0},"end":{"line":9,"column":60}},"9":{"start":{"line":10,"column":0},"end":{"line":10,"column":10}},"10":{"start":{"line":11,"column":0},"end":{"line":11,"column":16}},"11":{"start":{"line":12,"column":0},"end":{"line":12,"column":6}},"12":{"start":{"line":13,"column":0},"end":{"line":13,"column":26}},"13":{"start":{"line":14,"column":0},"end":{"line":14,"column":59}},"14":{"start":{"line":15,"column":0},"end":{"line":15,"column":13}},"15":{"start":{"line":16,"column":0},"end":{"line":16,"column":6}},"16":{"start":{"line":17,"column":0},"end":{"line":17,"column":75}},"17":{"start":{"line":18,"column":0},"end":{"line":18,"column":28}},"18":{"start":{"line":19,"column":0},"end":{"line":19,"column":25}},"19":{"start":{"line":20,"column":0},"end":{"line":20,"column":0}},"20":{"start":{"line":21,"column":0},"end":{"line":21,"column":17}},"21":{"start":{"line":22,"column":0},"end":{"line":22,"column":26}},"22":{"start":{"line":23,"column":0},"end":{"line":23,"column":17}},"23":{"start":{"line":24,"column":0},"end":{"line":24,"column":0}},"24":{"start":{"line":25,"column":0},"end":{"line":25,"column":53}},"25":{"start":{"line":26,"column":0},"end":{"line":26,"column":80}},"26":{"start":{"line":27,"column":0},"end":{"line":27,"column":47}},"27":{"start":{"line":28,"column":0},"end":{"line":28,"column":30}},"28":{"start":{"line":29,"column":0},"end":{"line":29,"column":25}},"29":{"start":{"line":30,"column":0},"end":{"line":30,"column":22}},"30":{"start":{"line":31,"column":0},"end":{"line":31,"column":6}},"31":{"start":{"line":32,"column":0},"end":{"line":32,"column":16}},"32":{"start":{"line":33,"column":0},"end":{"line":33,"column":4}},"33":{"start":{"line":34,"column":0},"end":{"line":34,"column":3}},"34":{"start":{"line":35,"column":0},"end":{"line":35,"column":1}}},"s":{"0":0,"1":0,"2":0,"3":0,"4":0,"5":0,"6":0,"7":0,"8":0,"9":0,"10":0,"11":0,"12":0,"13":0,"14":0,"15":0,"16":0,"17":0,"18":0,"19":0,"20":0,"21":0,"22":0,"23":0,"24":0,"25":0,"26":0,"27":0,"28":0,"29":0,"30":0,"31":0,"32":0,"33":0,"34":0},"branchMap":{"0":{"type":"branch","line":1,"loc":{"start":{"line":1,"column":0},"end":{"line":35,"column":1}},"locations":[{"start":{"line":1,"column":0},"end":{"line":35,"column":1}}]}},"b":{"0":[0]},"fnMap":{"0":{"name":"(empty-report)","decl":{"start":{"line":1,"column":0},"end":{"line":35,"column":1}},"loc":{"start":{"line":1,"column":0},"end":{"line":35,"column":1}},"line":1}},"f":{"0":0}}
,"/Users/benzinho/dev/BU/MET CS673 - Software Engineering/group-project-team2/CS673_Frontend_TS_React/src/components/SortBySelect.tsx": {"path":"/Users/benzinho/dev/BU/MET CS673 - Software Engineering/group-project-team2/CS673_Frontend_TS_React/src/components/SortBySelect.tsx","all":false,"statementMap":{"0":{"start":{"line":1,"column":0},"end":{"line":1,"column":48}},"1":{"start":{"line":2,"column":0},"end":{"line":2,"column":0}},"2":{"start":{"line":3,"column":0},"end":{"line":3,"column":67}},"3":{"start":{"line":4,"column":0},"end":{"line":4,"column":27}}},"s":{"0":1,"1":1,"2":1,"3":1},"branchMap":{"0":{"type":"branch","line":3,"loc":{"start":{"line":3,"column":21},"end":{"line":3,"column":28}},"locations":[{"start":{"line":3,"column":21},"end":{"line":3,"column":28}}]}},"b":{"0":[2]},"fnMap":{"0":{"name":"SortBySelect","decl":{"start":{"line":3,"column":21},"end":{"line":3,"column":28}},"loc":{"start":{"line":3,"column":21},"end":{"line":3,"column":28}},"line":3}},"f":{"0":2}}
,"/Users/benzinho/dev/BU/MET CS673 - Software Engineering/group-project-team2/CS673_Frontend_TS_React/src/components/User.tsx": {"path":"/Users/benzinho/dev/BU/MET CS673 - Software Engineering/group-project-team2/CS673_Frontend_TS_React/src/components/User.tsx","all":false,"statementMap":{"0":{"start":{"line":1,"column":0},"end":{"line":1,"column":45}},"1":{"start":{"line":2,"column":0},"end":{"line":2,"column":0}},"2":{"start":{"line":3,"column":0},"end":{"line":3,"column":20}},"3":{"start":{"line":4,"column":0},"end":{"line":4,"column":46}},"4":{"start":{"line":5,"column":0},"end":{"line":5,"column":0}},"5":{"start":{"line":6,"column":0},"end":{"line":6,"column":30}},"6":{"start":{"line":7,"column":0},"end":{"line":7,"column":12}},"7":{"start":{"line":8,"column":0},"end":{"line":8,"column":11}},"8":{"start":{"line":9,"column":0},"end":{"line":9,"column":21}},"9":{"start":{"line":10,"column":0},"end":{"line":10,"column":34}},"10":{"start":{"line":11,"column":0},"end":{"line":11,"column":45}},"11":{"start":{"line":12,"column":0},"end":{"line":12,"column":27}},"12":{"start":{"line":13,"column":0},"end":{"line":13,"column":12}},"13":{"start":{"line":14,"column":0},"end":{"line":14,"column":5}},"14":{"start":{"line":15,"column":0},"end":{"line":15,"column":0}},"15":{"start":{"line":16,"column":0},"end":{"line":16,"column":34}},"16":{"start":{"line":17,"column":0},"end":{"line":17,"column":1}},"17":{"start":{"line":18,"column":0},"end":{"line":18,"column":0}},"18":{"start":{"line":19,"column":0},"end":{"line":19,"column":19}},"19":{"start":{"line":20,"column":0},"end":{"line":20,"column":0}},"20":{"start":{"line":21,"column":0},"end":{"line":21,"column":46}},"21":{"start":{"line":22,"column":0},"end":{"line":22,"column":42}},"22":{"start":{"line":23,"column":0},"end":{"line":23,"column":23}},"23":{"start":{"line":24,"column":0},"end":{"line":24,"column":12}},"24":{"start":{"line":25,"column":0},"end":{"line":25,"column":4}},"25":{"start":{"line":26,"column":0},"end":{"line":26,"column":56}},"26":{"start":{"line":27,"column":0},"end":{"line":27,"column":42}},"27":{"start":{"line":28,"column":0},"end":{"line":28,"column":0}},"28":{"start":{"line":29,"column":0},"end":{"line":29,"column":24}},"29":{"start":{"line":30,"column":0},"end":{"line":30,"column":12}},"30":{"start":{"line":31,"column":0},"end":{"line":31,"column":4}}},"s":{"0":1,"1":1,"2":1,"3":4,"4":4,"5":4,"6":4,"7":2,"8":2,"9":2,"10":2,"11":2,"12":2,"13":2,"14":2,"15":2,"16":2,"17":1,"18":1,"19":1,"20":1,"21":1,"22":1,"23":1,"24":1,"25":1,"26":1,"27":1,"28":1,"29":1,"30":1},"branchMap":{"0":{"type":"branch","line":3,"loc":{"start":{"line":3,"column":13},"end":{"line":17,"column":1}},"locations":[{"start":{"line":3,"column":13},"end":{"line":17,"column":1}}]},"1":{"type":"branch","line":6,"loc":{"start":{"line":6,"column":21},"end":{"line":6,"column":29}},"locations":[{"start":{"line":6,"column":21},"end":{"line":6,"column":29}}]},"2":{"type":"branch","line":7,"loc":{"start":{"line":7,"column":4},"end":{"line":17,"column":1}},"locations":[{"start":{"line":7,"column":4},"end":{"line":17,"column":1}}]}},"b":{"0":[4],"1":[2],"2":[2]},"fnMap":{"0":{"name":"User","decl":{"start":{"line":3,"column":13},"end":{"line":17,"column":1}},"loc":{"start":{"line":3,"column":13},"end":{"line":17,"column":1}},"line":3}},"f":{"0":4}}
,"/Users/benzinho/dev/BU/MET CS673 - Software Engineering/group-project-team2/CS673_Frontend_TS_React/src/components/UserMenuItem.tsx": {"path":"/Users/benzinho/dev/BU/MET CS673 - Software Engineering/group-project-team2/CS673_Frontend_TS_React/src/components/UserMenuItem.tsx","all":false,"statementMap":{"0":{"start":{"line":1,"column":0},"end":{"line":1,"column":63}},"1":{"start":{"line":2,"column":0},"end":{"line":2,"column":45}},"2":{"start":{"line":3,"column":0},"end":{"line":3,"column":27}},"3":{"start":{"line":4,"column":0},"end":{"line":4,"column":29}},"4":{"start":{"line":5,"column":0},"end":{"line":5,"column":51}},"5":{"start":{"line":6,"column":0},"end":{"line":6,"column":0}},"6":{"start":{"line":7,"column":0},"end":{"line":7,"column":28}},"7":{"start":{"line":8,"column":0},"end":{"line":8,"column":46}},"8":{"start":{"line":9,"column":0},"end":{"line":9,"column":0}},"9":{"start":{"line":10,"column":0},"end":{"line":10,"column":30}},"10":{"start":{"line":11,"column":0},"end":{"line":11,"column":12}},"11":{"start":{"line":12,"column":0},"end":{"line":12,"column":26}},"12":{"start":{"line":13,"column":0},"end":{"line":13,"column":23}},"13":{"start":{"line":14,"column":0},"end":{"line":14,"column":36}},"14":{"start":{"line":15,"column":0},"end":{"line":15,"column":47}},"15":{"start":{"line":16,"column":0},"end":{"line":16,"column":24}},"16":{"start":{"line":17,"column":0},"end":{"line":17,"column":25}},"17":{"start":{"line":18,"column":0},"end":{"line":18,"column":22}},"18":{"start":{"line":19,"column":0},"end":{"line":19,"column":5}},"19":{"start":{"line":20,"column":0},"end":{"line":20,"column":0}},"20":{"start":{"line":21,"column":0},"end":{"line":21,"column":23}},"21":{"start":{"line":22,"column":0},"end":{"line":22,"column":1}},"22":{"start":{"line":23,"column":0},"end":{"line":23,"column":0}},"23":{"start":{"line":24,"column":0},"end":{"line":24,"column":27}}},"s":{"0":1,"1":1,"2":1,"3":1,"4":1,"5":1,"6":1,"7":4,"8":4,"9":4,"10":4,"11":2,"12":2,"13":2,"14":2,"15":2,"16":2,"17":2,"18":2,"19":2,"20":2,"21":2,"22":1,"23":1},"branchMap":{"0":{"type":"branch","line":7,"loc":{"start":{"line":7,"column":21},"end":{"line":22,"column":1}},"locations":[{"start":{"line":7,"column":21},"end":{"line":22,"column":1}}]},"1":{"type":"branch","line":10,"loc":{"start":{"line":10,"column":21},"end":{"line":10,"column":29}},"locations":[{"start":{"line":10,"column":21},"end":{"line":10,"column":29}}]},"2":{"type":"branch","line":11,"loc":{"start":{"line":11,"column":4},"end":{"line":22,"column":1}},"locations":[{"start":{"line":11,"column":4},"end":{"line":22,"column":1}}]}},"b":{"0":[4],"1":[2],"2":[2]},"fnMap":{"0":{"name":"UserMenuItem","decl":{"start":{"line":7,"column":21},"end":{"line":22,"column":1}},"loc":{"start":{"line":7,"column":21},"end":{"line":22,"column":1}},"line":7}},"f":{"0":4}}
,"/Users/benzinho/dev/BU/MET CS673 - Software Engineering/group-project-team2/CS673_Frontend_TS_React/src/components/Activity_Components/Activity.tsx": {"path":"/Users/benzinho/dev/BU/MET CS673 - Software Engineering/group-project-team2/CS673_Frontend_TS_React/src/components/Activity_Components/Activity.tsx","all":true,"statementMap":{"0":{"start":{"line":1,"column":0},"end":{"line":1,"column":38}},"1":{"start":{"line":2,"column":0},"end":{"line":2,"column":41}},"2":{"start":{"line":3,"column":0},"end":{"line":3,"column":0}},"3":{"start":{"line":4,"column":0},"end":{"line":4,"column":85}},"4":{"start":{"line":5,"column":0},"end":{"line":5,"column":32}},"5":{"start":{"line":6,"column":0},"end":{"line":6,"column":0}},"6":{"start":{"line":7,"column":0},"end":{"line":7,"column":22}},"7":{"start":{"line":8,"column":0},"end":{"line":8,"column":15}},"8":{"start":{"line":9,"column":0},"end":{"line":9,"column":18}},"9":{"start":{"line":10,"column":0},"end":{"line":10,"column":21}},"10":{"start":{"line":11,"column":0},"end":{"line":11,"column":19}},"11":{"start":{"line":12,"column":0},"end":{"line":12,"column":17}},"12":{"start":{"line":13,"column":0},"end":{"line":13,"column":16}},"13":{"start":{"line":14,"column":0},"end":{"line":14,"column":24}},"14":{"start":{"line":15,"column":0},"end":{"line":15,"column":1}},"15":{"start":{"line":16,"column":0},"end":{"line":16,"column":0}},"16":{"start":{"line":17,"column":0},"end":{"line":17,"column":44}},"17":{"start":{"line":18,"column":0},"end":{"line":18,"column":8}},"18":{"start":{"line":19,"column":0},"end":{"line":19,"column":11}},"19":{"start":{"line":20,"column":0},"end":{"line":20,"column":14}},"20":{"start":{"line":21,"column":0},"end":{"line":21,"column":12}},"21":{"start":{"line":22,"column":0},"end":{"line":22,"column":10}},"22":{"start":{"line":23,"column":0},"end":{"line":23,"column":9}},"23":{"start":{"line":24,"column":0},"end":{"line":24,"column":5}},"24":{"start":{"line":25,"column":0},"end":{"line":25,"column":22}},"25":{"start":{"line":26,"column":0},"end":{"line":26,"column":41}},"26":{"start":{"line":27,"column":0},"end":{"line":27,"column":41}},"27":{"start":{"line":28,"column":0},"end":{"line":28,"column":0}},"28":{"start":{"line":29,"column":0},"end":{"line":29,"column":10}},"29":{"start":{"line":30,"column":0},"end":{"line":30,"column":6}},"30":{"start":{"line":31,"column":0},"end":{"line":31,"column":10}},"31":{"start":{"line":32,"column":0},"end":{"line":32,"column":33}},"32":{"start":{"line":33,"column":0},"end":{"line":33,"column":38}},"33":{"start":{"line":34,"column":0},"end":{"line":34,"column":44}},"34":{"start":{"line":35,"column":0},"end":{"line":35,"column":41}},"35":{"start":{"line":36,"column":0},"end":{"line":36,"column":37}},"36":{"start":{"line":37,"column":0},"end":{"line":37,"column":34}},"37":{"start":{"line":38,"column":0},"end":{"line":38,"column":11}},"38":{"start":{"line":39,"column":0},"end":{"line":39,"column":0}},"39":{"start":{"line":40,"column":0},"end":{"line":40,"column":21}},"40":{"start":{"line":41,"column":0},"end":{"line":41,"column":14}},"41":{"start":{"line":42,"column":0},"end":{"line":42,"column":23}},"42":{"start":{"line":43,"column":0},"end":{"line":43,"column":26}},"43":{"start":{"line":44,"column":0},"end":{"line":44,"column":38}},"44":{"start":{"line":45,"column":0},"end":{"line":45,"column":35}},"45":{"start":{"line":46,"column":0},"end":{"line":46,"column":12}},"46":{"start":{"line":47,"column":0},"end":{"line":47,"column":9}},"47":{"start":{"line":48,"column":0},"end":{"line":48,"column":29}},"48":{"start":{"line":49,"column":0},"end":{"line":49,"column":26}},"49":{"start":{"line":50,"column":0},"end":{"line":50,"column":19}},"50":{"start":{"line":51,"column":0},"end":{"line":51,"column":25}},"51":{"start":{"line":52,"column":0},"end":{"line":52,"column":12}},"52":{"start":{"line":53,"column":0},"end":{"line":53,"column":7}},"53":{"start":{"line":54,"column":0},"end":{"line":54,"column":3}},"54":{"start":{"line":55,"column":0},"end":{"line":55,"column":1}},"55":{"start":{"line":56,"column":0},"end":{"line":56,"column":0}},"56":{"start":{"line":57,"column":0},"end":{"line":57,"column":23}}},"s":{"0":0,"1":0,"2":0,"3":0,"4":0,"5":0,"6":0,"7":0,"8":0,"9":0,"10":0,"11":0,"12":0,"13":0,"14":0,"15":0,"16":0,"17":0,"18":0,"19":0,"20":0,"21":0,"22":0,"23":0,"24":0,"25":0,"26":0,"27":0,"28":0,"29":0,"30":0,"31":0,"32":0,"33":0,"34":0,"35":0,"36":0,"37":0,"38":0,"39":0,"40":0,"41":0,"42":0,"43":0,"44":0,"45":0,"46":0,"47":0,"48":0,"49":0,"50":0,"51":0,"52":0,"53":0,"54":0,"55":0,"56":0},"branchMap":{"0":{"type":"branch","line":1,"loc":{"start":{"line":1,"column":0},"end":{"line":57,"column":23}},"locations":[{"start":{"line":1,"column":0},"end":{"line":57,"column":23}}]}},"b":{"0":[0]},"fnMap":{"0":{"name":"(empty-report)","decl":{"start":{"line":1,"column":0},"end":{"line":57,"column":23}},"loc":{"start":{"line":1,"column":0},"end":{"line":57,"column":23}},"line":1}},"f":{"0":0}}
,"/Users/benzinho/dev/BU/MET CS673 - Software Engineering/group-project-team2/CS673_Frontend_TS_React/src/components/Activity_Components/ActivityContainer.tsx": {"path":"/Users/benzinho/dev/BU/MET CS673 - Software Engineering/group-project-team2/CS673_Frontend_TS_React/src/components/Activity_Components/ActivityContainer.tsx","all":true,"statementMap":{"0":{"start":{"line":1,"column":0},"end":{"line":1,"column":32}},"1":{"start":{"line":2,"column":0},"end":{"line":2,"column":8}},"2":{"start":{"line":3,"column":0},"end":{"line":3,"column":26}},"3":{"start":{"line":4,"column":0},"end":{"line":4,"column":28}},"4":{"start":{"line":5,"column":0},"end":{"line":5,"column":51}},"5":{"start":{"line":6,"column":0},"end":{"line":6,"column":44}},"6":{"start":{"line":7,"column":0},"end":{"line":7,"column":57}},"7":{"start":{"line":8,"column":0},"end":{"line":8,"column":71}},"8":{"start":{"line":9,"column":0},"end":{"line":9,"column":62}},"9":{"start":{"line":10,"column":0},"end":{"line":10,"column":47}},"10":{"start":{"line":11,"column":0},"end":{"line":11,"column":51}},"11":{"start":{"line":12,"column":0},"end":{"line":12,"column":57}},"12":{"start":{"line":13,"column":0},"end":{"line":13,"column":8}},"13":{"start":{"line":14,"column":0},"end":{"line":14,"column":12}},"14":{"start":{"line":15,"column":0},"end":{"line":15,"column":20}},"15":{"start":{"line":16,"column":0},"end":{"line":16,"column":20}},"16":{"start":{"line":17,"column":0},"end":{"line":17,"column":28}},"17":{"start":{"line":18,"column":0},"end":{"line":18,"column":54}},"18":{"start":{"line":19,"column":0},"end":{"line":19,"column":0}},"19":{"start":{"line":20,"column":0},"end":{"line":20,"column":50}},"20":{"start":{"line":21,"column":0},"end":{"line":21,"column":63}},"21":{"start":{"line":22,"column":0},"end":{"line":22,"column":0}},"22":{"start":{"line":23,"column":0},"end":{"line":23,"column":24}},"23":{"start":{"line":24,"column":0},"end":{"line":24,"column":27}},"24":{"start":{"line":25,"column":0},"end":{"line":25,"column":1}},"25":{"start":{"line":26,"column":0},"end":{"line":26,"column":0}},"26":{"start":{"line":27,"column":0},"end":{"line":27,"column":31}},"27":{"start":{"line":28,"column":0},"end":{"line":28,"column":15}},"28":{"start":{"line":29,"column":0},"end":{"line":29,"column":4}},"29":{"start":{"line":30,"column":0},"end":{"line":30,"column":0}},"30":{"start":{"line":31,"column":0},"end":{"line":31,"column":55}},"31":{"start":{"line":32,"column":0},"end":{"line":32,"column":8}},"32":{"start":{"line":33,"column":0},"end":{"line":33,"column":24}},"33":{"start":{"line":34,"column":0},"end":{"line":34,"column":65}},"34":{"start":{"line":35,"column":0},"end":{"line":35,"column":41}},"35":{"start":{"line":36,"column":0},"end":{"line":36,"column":68}},"36":{"start":{"line":37,"column":0},"end":{"line":37,"column":0}},"37":{"start":{"line":38,"column":0},"end":{"line":38,"column":40}},"38":{"start":{"line":39,"column":0},"end":{"line":39,"column":42}},"39":{"start":{"line":40,"column":0},"end":{"line":40,"column":28}},"40":{"start":{"line":41,"column":0},"end":{"line":41,"column":18}},"41":{"start":{"line":42,"column":0},"end":{"line":42,"column":3}},"42":{"start":{"line":43,"column":0},"end":{"line":43,"column":0}},"43":{"start":{"line":44,"column":0},"end":{"line":44,"column":54}},"44":{"start":{"line":45,"column":0},"end":{"line":45,"column":0}},"45":{"start":{"line":46,"column":0},"end":{"line":46,"column":49}},"46":{"start":{"line":47,"column":0},"end":{"line":47,"column":25}},"47":{"start":{"line":48,"column":0},"end":{"line":48,"column":39}},"48":{"start":{"line":49,"column":0},"end":{"line":49,"column":3}},"49":{"start":{"line":50,"column":0},"end":{"line":50,"column":0}},"50":{"start":{"line":51,"column":0},"end":{"line":51,"column":48}},"51":{"start":{"line":52,"column":0},"end":{"line":52,"column":28}},"52":{"start":{"line":53,"column":0},"end":{"line":53,"column":32}},"53":{"start":{"line":54,"column":0},"end":{"line":54,"column":17}},"54":{"start":{"line":55,"column":0},"end":{"line":55,"column":3}},"55":{"start":{"line":56,"column":0},"end":{"line":56,"column":0}},"56":{"start":{"line":57,"column":0},"end":{"line":57,"column":33}},"57":{"start":{"line":58,"column":0},"end":{"line":58,"column":58}},"58":{"start":{"line":59,"column":0},"end":{"line":59,"column":50}},"59":{"start":{"line":60,"column":0},"end":{"line":60,"column":56}},"60":{"start":{"line":61,"column":0},"end":{"line":61,"column":5}},"61":{"start":{"line":62,"column":0},"end":{"line":62,"column":25}},"62":{"start":{"line":63,"column":0},"end":{"line":63,"column":30}},"63":{"start":{"line":64,"column":0},"end":{"line":64,"column":44}},"64":{"start":{"line":65,"column":0},"end":{"line":65,"column":0}},"65":{"start":{"line":66,"column":0},"end":{"line":66,"column":19}},"66":{"start":{"line":67,"column":0},"end":{"line":67,"column":14}},"67":{"start":{"line":68,"column":0},"end":{"line":68,"column":20}},"68":{"start":{"line":69,"column":0},"end":{"line":69,"column":6}},"69":{"start":{"line":70,"column":0},"end":{"line":70,"column":5}},"70":{"start":{"line":71,"column":0},"end":{"line":71,"column":23}},"71":{"start":{"line":72,"column":0},"end":{"line":72,"column":29}},"72":{"start":{"line":73,"column":0},"end":{"line":73,"column":44}},"73":{"start":{"line":74,"column":0},"end":{"line":74,"column":0}},"74":{"start":{"line":75,"column":0},"end":{"line":75,"column":21}},"75":{"start":{"line":76,"column":0},"end":{"line":76,"column":14}},"76":{"start":{"line":77,"column":0},"end":{"line":77,"column":20}},"77":{"start":{"line":78,"column":0},"end":{"line":78,"column":6}},"78":{"start":{"line":79,"column":0},"end":{"line":79,"column":5}},"79":{"start":{"line":80,"column":0},"end":{"line":80,"column":22}},"80":{"start":{"line":81,"column":0},"end":{"line":81,"column":27}},"81":{"start":{"line":82,"column":0},"end":{"line":82,"column":40}},"82":{"start":{"line":83,"column":0},"end":{"line":83,"column":22}},"83":{"start":{"line":84,"column":0},"end":{"line":84,"column":6}},"84":{"start":{"line":85,"column":0},"end":{"line":85,"column":5}},"85":{"start":{"line":86,"column":0},"end":{"line":86,"column":28}},"86":{"start":{"line":87,"column":0},"end":{"line":87,"column":25}},"87":{"start":{"line":88,"column":0},"end":{"line":88,"column":0}},"88":{"start":{"line":89,"column":0},"end":{"line":89,"column":42}},"89":{"start":{"line":90,"column":0},"end":{"line":90,"column":16}},"90":{"start":{"line":91,"column":0},"end":{"line":91,"column":74}},"91":{"start":{"line":92,"column":0},"end":{"line":92,"column":24}},"92":{"start":{"line":93,"column":0},"end":{"line":93,"column":19}},"93":{"start":{"line":94,"column":0},"end":{"line":94,"column":9}},"94":{"start":{"line":95,"column":0},"end":{"line":95,"column":8}},"95":{"start":{"line":96,"column":0},"end":{"line":96,"column":6}},"96":{"start":{"line":97,"column":0},"end":{"line":97,"column":5}},"97":{"start":{"line":98,"column":0},"end":{"line":98,"column":30}},"98":{"start":{"line":99,"column":0},"end":{"line":99,"column":27}},"99":{"start":{"line":100,"column":0},"end":{"line":100,"column":0}},"100":{"start":{"line":101,"column":0},"end":{"line":101,"column":42}},"101":{"start":{"line":102,"column":0},"end":{"line":102,"column":16}},"102":{"start":{"line":103,"column":0},"end":{"line":103,"column":17}},"103":{"start":{"line":104,"column":0},"end":{"line":104,"column":30}},"104":{"start":{"line":105,"column":0},"end":{"line":105,"column":55}},"105":{"start":{"line":106,"column":0},"end":{"line":106,"column":11}},"106":{"start":{"line":107,"column":0},"end":{"line":107,"column":26}},"107":{"start":{"line":108,"column":0},"end":{"line":108,"column":19}},"108":{"start":{"line":109,"column":0},"end":{"line":109,"column":9}},"109":{"start":{"line":110,"column":0},"end":{"line":110,"column":8}},"110":{"start":{"line":111,"column":0},"end":{"line":111,"column":6}},"111":{"start":{"line":112,"column":0},"end":{"line":112,"column":3}},"112":{"start":{"line":113,"column":0},"end":{"line":113,"column":0}},"113":{"start":{"line":114,"column":0},"end":{"line":114,"column":22}},"114":{"start":{"line":115,"column":0},"end":{"line":115,"column":45}},"115":{"start":{"line":116,"column":0},"end":{"line":116,"column":32}},"116":{"start":{"line":117,"column":0},"end":{"line":117,"column":0}},"117":{"start":{"line":118,"column":0},"end":{"line":118,"column":39}},"118":{"start":{"line":119,"column":0},"end":{"line":119,"column":12}},"119":{"start":{"line":120,"column":0},"end":{"line":120,"column":22}},"120":{"start":{"line":121,"column":0},"end":{"line":121,"column":32}},"121":{"start":{"line":122,"column":0},"end":{"line":122,"column":34}},"122":{"start":{"line":123,"column":0},"end":{"line":123,"column":40}},"123":{"start":{"line":124,"column":0},"end":{"line":124,"column":37}},"124":{"start":{"line":125,"column":0},"end":{"line":125,"column":33}},"125":{"start":{"line":126,"column":0},"end":{"line":126,"column":30}},"126":{"start":{"line":127,"column":0},"end":{"line":127,"column":29}},"127":{"start":{"line":128,"column":0},"end":{"line":128,"column":31}},"128":{"start":{"line":129,"column":0},"end":{"line":129,"column":5}},"129":{"start":{"line":130,"column":0},"end":{"line":130,"column":4}},"130":{"start":{"line":131,"column":0},"end":{"line":131,"column":0}},"131":{"start":{"line":132,"column":0},"end":{"line":132,"column":29}},"132":{"start":{"line":133,"column":0},"end":{"line":133,"column":12}},"133":{"start":{"line":134,"column":0},"end":{"line":134,"column":12}},"134":{"start":{"line":135,"column":0},"end":{"line":135,"column":19}},"135":{"start":{"line":136,"column":0},"end":{"line":136,"column":28}},"136":{"start":{"line":137,"column":0},"end":{"line":137,"column":21}},"137":{"start":{"line":138,"column":0},"end":{"line":138,"column":43}},"138":{"start":{"line":139,"column":0},"end":{"line":139,"column":50}},"139":{"start":{"line":140,"column":0},"end":{"line":140,"column":7}},"140":{"start":{"line":141,"column":0},"end":{"line":141,"column":19}},"141":{"start":{"line":142,"column":0},"end":{"line":142,"column":29}},"142":{"start":{"line":143,"column":0},"end":{"line":143,"column":75}},"143":{"start":{"line":144,"column":0},"end":{"line":144,"column":27}},"144":{"start":{"line":145,"column":0},"end":{"line":145,"column":25}},"145":{"start":{"line":146,"column":0},"end":{"line":146,"column":73}},"146":{"start":{"line":147,"column":0},"end":{"line":147,"column":62}},"147":{"start":{"line":148,"column":0},"end":{"line":148,"column":32}},"148":{"start":{"line":149,"column":0},"end":{"line":149,"column":30}},"149":{"start":{"line":150,"column":0},"end":{"line":150,"column":23}},"150":{"start":{"line":151,"column":0},"end":{"line":151,"column":26}},"151":{"start":{"line":152,"column":0},"end":{"line":152,"column":45}},"152":{"start":{"line":153,"column":0},"end":{"line":153,"column":35}},"153":{"start":{"line":154,"column":0},"end":{"line":154,"column":12}},"154":{"start":{"line":155,"column":0},"end":{"line":155,"column":20}},"155":{"start":{"line":156,"column":0},"end":{"line":156,"column":14}},"156":{"start":{"line":157,"column":0},"end":{"line":157,"column":5}},"157":{"start":{"line":158,"column":0},"end":{"line":158,"column":3}},"158":{"start":{"line":159,"column":0},"end":{"line":159,"column":0}},"159":{"start":{"line":160,"column":0},"end":{"line":160,"column":10}},"160":{"start":{"line":161,"column":0},"end":{"line":161,"column":35}},"161":{"start":{"line":162,"column":0},"end":{"line":162,"column":75}},"162":{"start":{"line":163,"column":0},"end":{"line":163,"column":18}},"163":{"start":{"line":164,"column":0},"end":{"line":164,"column":19}},"164":{"start":{"line":165,"column":0},"end":{"line":165,"column":28}},"165":{"start":{"line":166,"column":0},"end":{"line":166,"column":17}},"166":{"start":{"line":167,"column":0},"end":{"line":167,"column":20}},"167":{"start":{"line":168,"column":0},"end":{"line":168,"column":21}},"168":{"start":{"line":169,"column":0},"end":{"line":169,"column":27}},"169":{"start":{"line":170,"column":0},"end":{"line":170,"column":23}},"170":{"start":{"line":171,"column":0},"end":{"line":171,"column":38}},"171":{"start":{"line":172,"column":0},"end":{"line":172,"column":35}},"172":{"start":{"line":173,"column":0},"end":{"line":173,"column":36}},"173":{"start":{"line":174,"column":0},"end":{"line":174,"column":15}},"174":{"start":{"line":175,"column":0},"end":{"line":175,"column":25}},"175":{"start":{"line":176,"column":0},"end":{"line":176,"column":28}},"176":{"start":{"line":177,"column":0},"end":{"line":177,"column":39}},"177":{"start":{"line":178,"column":0},"end":{"line":178,"column":12}},"178":{"start":{"line":179,"column":0},"end":{"line":179,"column":10}},"179":{"start":{"line":180,"column":0},"end":{"line":180,"column":11}},"180":{"start":{"line":181,"column":0},"end":{"line":181,"column":61}},"181":{"start":{"line":182,"column":0},"end":{"line":182,"column":32}},"182":{"start":{"line":183,"column":0},"end":{"line":183,"column":14}},"183":{"start":{"line":184,"column":0},"end":{"line":184,"column":8}},"184":{"start":{"line":185,"column":0},"end":{"line":185,"column":21}},"185":{"start":{"line":186,"column":0},"end":{"line":186,"column":10}},"186":{"start":{"line":187,"column":0},"end":{"line":187,"column":3}},"187":{"start":{"line":188,"column":0},"end":{"line":188,"column":1}},"188":{"start":{"line":189,"column":0},"end":{"line":189,"column":0}},"189":{"start":{"line":190,"column":0},"end":{"line":190,"column":32}}},"s":{"0":0,"1":0,"2":0,"3":0,"4":0,"5":0,"6":0,"7":0,"8":0,"9":0,"10":0,"11":0,"12":0,"13":0,"14":0,"15":0,"16":0,"17":0,"18":0,"19":0,"20":0,"21":0,"22":0,"23":0,"24":0,"25":0,"26":0,"27":0,"28":0,"29":0,"30":0,"31":0,"32":0,"33":0,"34":0,"35":0,"36":0,"37":0,"38":0,"39":0,"40":0,"41":0,"42":0,"43":0,"44":0,"45":0,"46":0,"47":0,"48":0,"49":0,"50":0,"51":0,"52":0,"53":0,"54":0,"55":0,"56":0,"57":0,"58":0,"59":0,"60":0,"61":0,"62":0,"63":0,"64":0,"65":0,"66":0,"67":0,"68":0,"69":0,"70":0,"71":0,"72":0,"73":0,"74":0,"75":0,"76":0,"77":0,"78":0,"79":0,"80":0,"81":0,"82":0,"83":0,"84":0,"85":0,"86":0,"87":0,"88":0,"89":0,"90":0,"91":0,"92":0,"93":0,"94":0,"95":0,"96":0,"97":0,"98":0,"99":0,"100":0,"101":0,"102":0,"103":0,"104":0,"105":0,"106":0,"107":0,"108":0,"109":0,"110":0,"111":0,"112":0,"113":0,"114":0,"115":0,"116":0,"117":0,"118":0,"119":0,"120":0,"121":0,"122":0,"123":0,"124":0,"125":0,"126":0,"127":0,"128":0,"129":0,"130":0,"131":0,"132":0,"133":0,"134":0,"135":0,"136":0,"137":0,"138":0,"139":0,"140":0,"141":0,"142":0,"143":0,"144":0,"145":0,"146":0,"147":0,"148":0,"149":0,"150":0,"151":0,"152":0,"153":0,"154":0,"155":0,"156":0,"157":0,"158":0,"159":0,"160":0,"161":0,"162":0,"163":0,"164":0,"165":0,"166":0,"167":0,"168":0,"169":0,"170":0,"171":0,"172":0,"173":0,"174":0,"175":0,"176":0,"177":0,"178":0,"179":0,"180":0,"181":0,"182":0,"183":0,"184":0,"185":0,"186":0,"187":0,"188":0,"189":0},"branchMap":{"0":{"type":"branch","line":1,"loc":{"start":{"line":1,"column":0},"end":{"line":190,"column":32}},"locations":[{"start":{"line":1,"column":0},"end":{"line":190,"column":32}}]}},"b":{"0":[0]},"fnMap":{"0":{"name":"(empty-report)","decl":{"start":{"line":1,"column":0},"end":{"line":190,"column":32}},"loc":{"start":{"line":1,"column":0},"end":{"line":190,"column":32}},"line":1}},"f":{"0":0}}
,"/Users/benzinho/dev/BU/MET CS673 - Software Engineering/group-project-team2/CS673_Frontend_TS_React/src/components/Activity_Components/ActivityForm.tsx": {"path":"/Users/benzinho/dev/BU/MET CS673 - Software Engineering/group-project-team2/CS673_Frontend_TS_React/src/components/Activity_Components/ActivityForm.tsx","all":false,"statementMap":{"0":{"start":{"line":1,"column":0},"end":{"line":1,"column":67}},"1":{"start":{"line":2,"column":0},"end":{"line":2,"column":8}},"2":{"start":{"line":3,"column":0},"end":{"line":3,"column":6}},"3":{"start":{"line":4,"column":0},"end":{"line":4,"column":12}},"4":{"start":{"line":5,"column":0},"end":{"line":5,"column":7}},"5":{"start":{"line":6,"column":0},"end":{"line":6,"column":15}},"6":{"start":{"line":7,"column":0},"end":{"line":7,"column":13}},"7":{"start":{"line":8,"column":0},"end":{"line":8,"column":28}},"8":{"start":{"line":9,"column":0},"end":{"line":9,"column":8}},"9":{"start":{"line":10,"column":0},"end":{"line":10,"column":28}},"10":{"start":{"line":11,"column":0},"end":{"line":11,"column":28}},"11":{"start":{"line":12,"column":0},"end":{"line":12,"column":51}},"12":{"start":{"line":13,"column":0},"end":{"line":13,"column":44}},"13":{"start":{"line":14,"column":0},"end":{"line":14,"column":25}},"14":{"start":{"line":15,"column":0},"end":{"line":15,"column":49}},"15":{"start":{"line":16,"column":0},"end":{"line":16,"column":49}},"16":{"start":{"line":17,"column":0},"end":{"line":17,"column":59}},"17":{"start":{"line":18,"column":0},"end":{"line":18,"column":67}},"18":{"start":{"line":19,"column":0},"end":{"line":19,"column":50}},"19":{"start":{"line":20,"column":0},"end":{"line":20,"column":46}},"20":{"start":{"line":21,"column":0},"end":{"line":21,"column":52}},"21":{"start":{"line":22,"column":0},"end":{"line":22,"column":42}},"22":{"start":{"line":23,"column":0},"end":{"line":23,"column":58}},"23":{"start":{"line":24,"column":0},"end":{"line":24,"column":0}},"24":{"start":{"line":25,"column":0},"end":{"line":25,"column":47}},"25":{"start":{"line":26,"column":0},"end":{"line":26,"column":0}},"26":{"start":{"line":27,"column":0},"end":{"line":27,"column":21}},"27":{"start":{"line":28,"column":0},"end":{"line":28,"column":18}},"28":{"start":{"line":29,"column":0},"end":{"line":29,"column":21}},"29":{"start":{"line":30,"column":0},"end":{"line":30,"column":24}},"30":{"start":{"line":31,"column":0},"end":{"line":31,"column":23}},"31":{"start":{"line":32,"column":0},"end":{"line":32,"column":20}},"32":{"start":{"line":33,"column":0},"end":{"line":33,"column":19}},"33":{"start":{"line":34,"column":0},"end":{"line":34,"column":4}},"34":{"start":{"line":35,"column":0},"end":{"line":35,"column":0}},"35":{"start":{"line":36,"column":0},"end":{"line":36,"column":18}},"36":{"start":{"line":37,"column":0},"end":{"line":37,"column":28}},"37":{"start":{"line":38,"column":0},"end":{"line":38,"column":28}},"38":{"start":{"line":39,"column":0},"end":{"line":39,"column":24}},"39":{"start":{"line":40,"column":0},"end":{"line":40,"column":1}},"40":{"start":{"line":41,"column":0},"end":{"line":41,"column":0}},"41":{"start":{"line":42,"column":0},"end":{"line":42,"column":44}},"42":{"start":{"line":43,"column":0},"end":{"line":43,"column":9}},"43":{"start":{"line":44,"column":0},"end":{"line":44,"column":18}},"44":{"start":{"line":45,"column":0},"end":{"line":45,"column":13}},"45":{"start":{"line":46,"column":0},"end":{"line":46,"column":18}},"46":{"start":{"line":47,"column":0},"end":{"line":47,"column":60}},"47":{"start":{"line":48,"column":0},"end":{"line":48,"column":64}},"48":{"start":{"line":49,"column":0},"end":{"line":49,"column":0}},"49":{"start":{"line":50,"column":0},"end":{"line":50,"column":29}},"5
[...]
:352,"column":43}},"352":{"start":{"line":353,"column":0},"end":{"line":353,"column":22}},"353":{"start":{"line":354,"column":0},"end":{"line":354,"column":20}},"354":{"start":{"line":355,"column":0},"end":{"line":355,"column":15}},"355":{"start":{"line":356,"column":0},"end":{"line":356,"column":65}},"356":{"start":{"line":357,"column":0},"end":{"line":357,"column":57}},"357":{"start":{"line":358,"column":0},"end":{"line":358,"column":5}},"358":{"start":{"line":359,"column":0},"end":{"line":359,"column":20}},"359":{"start":{"line":360,"column":0},"end":{"line":360,"column":22}},"360":{"start":{"line":361,"column":0},"end":{"line":361,"column":22}},"361":{"start":{"line":362,"column":0},"end":{"line":362,"column":3}},"362":{"start":{"line":363,"column":0},"end":{"line":363,"column":11}},"363":{"start":{"line":364,"column":0},"end":{"line":364,"column":17}},"364":{"start":{"line":365,"column":0},"end":{"line":365,"column":3}},"365":{"start":{"line":366,"column":0},"end":{"line":366,"column":1}},"366":{"start":{"line":367,"column":0},"end":{"line":367,"column":45}},"367":{"start":{"line":368,"column":0},"end":{"line":368,"column":32}},"368":{"start":{"line":369,"column":0},"end":{"line":369,"column":15}},"369":{"start":{"line":370,"column":0},"end":{"line":370,"column":22}},"370":{"start":{"line":371,"column":0},"end":{"line":371,"column":52}},"371":{"start":{"line":372,"column":0},"end":{"line":372,"column":23}},"372":{"start":{"line":373,"column":0},"end":{"line":373,"column":21}},"373":{"start":{"line":374,"column":0},"end":{"line":374,"column":12}},"374":{"start":{"line":375,"column":0},"end":{"line":375,"column":14}},"375":{"start":{"line":376,"column":0},"end":{"line":376,"column":11}},"376":{"start":{"line":377,"column":0},"end":{"line":377,"column":68}},"377":{"start":{"line":378,"column":0},"end":{"line":378,"column":59}},"378":{"start":{"line":379,"column":0},"end":{"line":379,"column":3}},"379":{"start":{"line":380,"column":0},"end":{"line":380,"column":1}},"380":{"start":{"line":381,"column":0},"end":{"line":381,"column":46}},"381":{"start":{"line":382,"column":0},"end":{"line":382,"column":32}},"382":{"start":{"line":383,"column":0},"end":{"line":383,"column":16}},"383":{"start":{"line":384,"column":0},"end":{"line":384,"column":21}},"384":{"start":{"line":385,"column":0},"end":{"line":385,"column":63}},"385":{"start":{"line":386,"column":0},"end":{"line":386,"column":52}},"386":{"start":{"line":387,"column":0},"end":{"line":387,"column":15}},"387":{"start":{"line":388,"column":0},"end":{"line":388,"column":22}},"388":{"start":{"line":389,"column":0},"end":{"line":389,"column":21}},"389":{"start":{"line":390,"column":0},"end":{"line":390,"column":11}},"390":{"start":{"line":391,"column":0},"end":{"line":391,"column":34}},"391":{"start":{"line":392,"column":0},"end":{"line":392,"column":59}},"392":{"start":{"line":393,"column":0},"end":{"line":393,"column":66}},"393":{"start":{"line":394,"column":0},"end":{"line":394,"column":17}},"394":{"start":{"line":395,"column":0},"end":{"line":395,"column":3}},"395":{"start":{"line":396,"column":0},"end":{"line":396,"column":29}},"396":{"start":{"line":397,"column":0},"end":{"line":397,"column":18}},"397":{"start":{"line":398,"column":0},"end":{"line":398,"column":3}},"398":{"start":{"line":399,"column":0},"end":{"line":399,"column":1}},"399":{"start":{"line":400,"column":0},"end":{"line":400,"column":47}},"400":{"start":{"line":401,"column":0},"end":{"line":401,"column":32}},"401":{"start":{"line":402,"column":0},"end":{"line":402,"column":15}},"402":{"start":{"line":403,"column":0},"end":{"line":403,"column":18}},"403":{"start":{"line":404,"column":0},"end":{"line":404,"column":19}},"404":{"start":{"line":405,"column":0},"end":{"line":405,"column":15}},"405":{"start":{"line":406,"column":0},"end":{"line":406,"column":11}},"406":{"start":{"line":407,"column":0},"end":{"line":407,"column":26}},"407":{"start":{"line":408,"column":0},"end":{"line":408,"column":34}},"408":{"start":{"line":409,"column":0},"end":{"line":409,"column":17}},"409":{"start":{"line":410,"column":0},"end":{"line":410,"column":3}},"410":{"start":{"line":411,"column":0},"end":{"line":411,"column":29}},"411":{"start":{"line":412,"column":0},"end":{"line":412,"column":22}},"412":{"start":{"line":413,"column":0},"end":{"line":413,"column":3}},"413":{"start":{"line":414,"column":0},"end":{"line":414,"column":1}},"414":{"start":{"line":415,"column":0},"end":{"line":415,"column":48}},"415":{"start":{"line":416,"column":0},"end":{"line":416,"column":32}},"416":{"start":{"line":417,"column":0},"end":{"line":417,"column":55}},"417":{"start":{"line":418,"column":0},"end":{"line":418,"column":18}},"418":{"start":{"line":419,"column":0},"end":{"line":419,"column":19}},"419":{"start":{"line":420,"column":0},"end":{"line":420,"column":15}},"420":{"start":{"line":421,"column":0},"end":{"line":421,"column":11}},"421":{"start":{"line":422,"column":0},"end":{"line":422,"column":26}},"422":{"start":{"line":423,"column":0},"end":{"line":423,"column":34}},"423":{"start":{"line":424,"column":0},"end":{"line":424,"column":17}},"424":{"start":{"line":425,"column":0},"end":{"line":425,"column":3}},"425":{"start":{"line":426,"column":0},"end":{"line":426,"column":29}},"426":{"start":{"line":427,"column":0},"end":{"line":427,"column":22}},"427":{"start":{"line":428,"column":0},"end":{"line":428,"column":3}},"428":{"start":{"line":429,"column":0},"end":{"line":429,"column":1}},"429":{"start":{"line":430,"column":0},"end":{"line":430,"column":62}},"430":{"start":{"line":431,"column":0},"end":{"line":431,"column":22}},"431":{"start":{"line":432,"column":0},"end":{"line":432,"column":18}},"432":{"start":{"line":433,"column":0},"end":{"line":433,"column":20}},"433":{"start":{"line":434,"column":0},"end":{"line":434,"column":20}},"434":{"start":{"line":435,"column":0},"end":{"line":435,"column":66}},"435":{"start":{"line":436,"column":0},"end":{"line":436,"column":57}},"436":{"start":{"line":437,"column":0},"end":{"line":437,"column":15}},"437":{"start":{"line":438,"column":0},"end":{"line":438,"column":14}},"438":{"start":{"line":439,"column":0},"end":{"line":439,"column":14}},"439":{"start":{"line":440,"column":0},"end":{"line":440,"column":9}},"440":{"start":{"line":441,"column":0},"end":{"line":441,"column":14}},"441":{"start":{"line":442,"column":0},"end":{"line":442,"column":29}},"442":{"start":{"line":443,"column":0},"end":{"line":443,"column":19}},"443":{"start":{"line":444,"column":0},"end":{"line":444,"column":3}},"444":{"start":{"line":445,"column":0},"end":{"line":445,"column":3}},"445":{"start":{"line":446,"column":0},"end":{"line":446,"column":9}},"446":{"start":{"line":447,"column":0},"end":{"line":447,"column":15}},"447":{"start":{"line":448,"column":0},"end":{"line":448,"column":5}},"448":{"start":{"line":449,"column":0},"end":{"line":449,"column":1}},"449":{"start":{"line":450,"column":0},"end":{"line":450,"column":0}},"450":{"start":{"line":451,"column":0},"end":{"line":451,"column":7}},"451":{"start":{"line":452,"column":0},"end":{"line":452,"column":25}},"452":{"start":{"line":453,"column":0},"end":{"line":453,"column":28}},"453":{"start":{"line":454,"column":0},"end":{"line":454,"column":4}},"454":{"start":{"line":455,"column":0},"end":{"line":455,"column":49}},"455":{"start":{"line":456,"column":0},"end":{"line":456,"column":49}},"456":{"start":{"line":457,"column":0},"end":{"line":457,"column":19}},"457":{"start":{"line":458,"column":0},"end":{"line":458,"column":24}},"458":{"start":{"line":459,"column":0},"end":{"line":459,"column":18}},"459":{"start":{"line":460,"column":0},"end":{"line":460,"column":21}},"460":{"start":{"line":461,"column":0},"end":{"line":461,"column":18}},"461":{"start":{"line":462,"column":0},"end":{"line":462,"column":79}},"462":{"start":{"line":463,"column":0},"end":{"line":463,"column":0}},"463":{"start":{"line":464,"column":0},"end":{"line":464,"column":4}},"464":{"start":{"line":465,"column":0},"end":{"line":465,"column":49}},"465":{"start":{"line":466,"column":0},"end":{"line":466,"column":53}},"466":{"start":{"line":467,"column":0},"end":{"line":467,"column":1}},"467":{"start":{"line":468,"column":0},"end":{"line":468,"column":0}},"468":{"start":{"line":469,"column":0},"end":{"line":469,"column":40}},"469":{"start":{"line":470,"column":0},"end":{"line":470,"column":67}},"470":{"start":{"line":471,"column":0},"end":{"line":471,"column":32}},"471":{"start":{"line":472,"column":0},"end":{"line":472,"column":39}},"472":{"start":{"line":473,"column":0},"end":{"line":473,"column":29}},"473":{"start":{"line":474,"column":0},"end":{"line":474,"column":24}},"474":{"start":{"line":475,"column":0},"end":{"line":475,"column":1}}},"s":{"0":1,"1":1,"2":1,"3":1,"4":1,"5":1,"6":1,"7":1,"8":1,"9":1,"10":1,"11":1,"12":1,"13":1,"14":1,"15":1,"16":1,"17":1,"18":1,"19":1,"20":1,"21":1,"22":1,"23":1,"24":1,"25":1,"26":1,"27":1,"28":1,"29":1,"30":1,"31":1,"32":1,"33":1,"34":1,"35":1,"36":1,"37":1,"38":1,"39":1,"40":1,"41":1,"42":1,"43":1,"44":1,"45":1,"46":1,"47":1,"48":1,"49":1,"50":1,"51":1,"52":1,"53":1,"54":1,"55":1,"56":1,"57":1,"58":1,"59":1,"60":1,"61":1,"62":1,"63":1,"64":1,"65":1,"66":1,"67":1,"68":1,"69":1,"70":1,"71":1,"72":1,"73":4,"74":2,"75":4,"76":4,"77":4,"78":4,"79":1,"80":1,"81":1,"82":1,"83":1,"84":1,"85":1,"86":1,"87":1,"88":1,"89":1,"90":1,"91":1,"92":1,"93":1,"94":1,"95":1,"96":1,"97":1,"98":1,"99":1,"100":1,"101":1,"102":1,"103":1,"104":1,"105":1,"106":1,"107":1,"108":1,"109":1,"110":1,"111":1,"112":1,"113":1,"114":1,"115":1,"116":1,"117":1,"118":1,"119":1,"120":1,"121":1,"122":1,"123":1,"124":1,"125":1,"126":1,"127":1,"128":1,"129":1,"130":1,"131":1,"132":1,"133":1,"134":1,"135":1,"136":1,"137":1,"138":1,"139":1,"140":1,"141":1,"142":1,"143":1,"144":1,"145":1,"146":1,"147":1,"148":1,"149":1,"150":1,"151":1,"152":1,"153":1,"154":1,"155":1,"156":1,"157":1,"158":1,"159":1,"160":1,"161":1,"162":1,"163":1,"164":1,"165":1,"166":1,"167":1,"168":1,"169":1,"170":1,"171":1,"172":1,"173":1,"174":1,"175":1,"176":1,"177":1,"178":1,"179":1,"180":1,"181":1,"182":1,"183":1,"184":1,"185":1,"186":1,"187":1,"188":1,"189":1,"190":1,"191":1,"192":1,"193":1,"194":1,"195":1,"196":1,"197":1,"198":1,"199":1,"200":1,"201":1,"202":1,"203":1,"204":1,"205":1,"206":1,"207":1,"208":1,"209":1,"210":1,"211":1,"212":1,"213":1,"214":1,"215":1,"216":1,"217":1,"218":1,"219":1,"220":1,"221":1,"222":1,"223":1,"224":1,"225":1,"226":1,"227":1,"228":1,"229":1,"230":1,"231":1,"232":1,"233":1,"234":1,"235":1,"236":1,"237":1,"238":1,"239":1,"240":1,"241":1,"242":1,"243":1,"244":1,"245":1,"246":1,"247":1,"248":1,"249":1,"250":1,"251":1,"252":1,"253":1,"254":1,"255":1,"256":1,"257":1,"258":1,"259":1,"260":1,"261":1,"262":1,"263":1,"264":1,"265":1,"266":1,"267":1,"268":1,"269":1,"270":1,"271":1,"272":1,"273":1,"274":1,"275":1,"276":1,"277":1,"278":1,"279":1,"280":1,"281":1,"282":1,"283":1,"284":1,"285":1,"286":1,"287":1,"288":1,"289":1,"290":1,"291":1,"292":1,"293":1,"294":1,"295":1,"296":1,"297":1,"298":1,"299":1,"300":1,"301":1,"302":1,"303":1,"304":1,"305":1,"306":1,"307":1,"308":1,"309":1,"310":1,"311":1,"312":1,"313":1,"314":1,"315":1,"316":1,"317":1,"318":1,"319":1,"320":1,"321":1,"322":1,"323":1,"324":1,"325":1,"326":1,"327":1,"328":1,"329":1,"330":1,"331":1,"332":1,"333":1,"334":1,"335":1,"336":1,"337":1,"338":1,"339":1,"340":1,"341":1,"342":1,"343":1,"344":1,"345":1,"346":1,"347":1,"348":1,"349":1,"350":1,"351":1,"352":1,"353":1,"354":1,"355":1,"356":1,"357":1,"358":1,"359":1,"360":1,"361":1,"362":1,"363":1,"364":1,"365":1,"366":1,"367":1,"368":1,"369":1,"370":1,"371":1,"372":1,"373":1,"374":1,"375":1,"376":1,"377":1,"378":1,"379":1,"380":1,"381":1,"382":1,"383":1,"384":1,"385":1,"386":1,"387":1,"388":1,"389":1,"390":1,"391":1,"392":1,"393":1,"394":1,"395":1,"396":1,"397":1,"398":1,"399":1,"400":1,"401":1,"402":1,"403":1,"404":1,"405":1,"406":1,"407":1,"408":1,"409":1,"410":1,"411":1,"412":1,"413":1,"414":1,"415":1,"416":1,"417":1,"418":1,"419":1,"420":1,"421":1,"422":1,"423":1,"424":1,"425":1,"426":1,"427":1,"428":1,"429":1,"430":1,"431":1,"432":1,"433":1,"434":1,"435":1,"436":1,"437":1,"438":0,"439":0,"440":0,"441":0,"442":0,"443":0,"444":0,"445":0,"446":0,"447":0,"448":1,"449":1,"450":1,"451":1,"452":1,"453":1,"454":1,"455":1,"456":1,"457":1,"458":1,"459":1,"460":1,"461":1,"462":1,"463":1,"464":1,"465":1,"466":1,"467":1,"468":1,"469":1,"470":1,"471":1,"472":1,"473":1,"474":1},"branchMap":{"0":{"type":"branch","line":46,"loc":{"start":{"line":46,"column":11},"end":{"line":46,"column":27}},"locations":[{"start":{"line":46,"column":11},"end":{"line":46,"column":27}}]},"1":{"type":"branch","line":47,"loc":{"start":{"line":47,"column":29},"end":{"line":47,"column":45}},"locations":[{"start":{"line":47,"column":29},"end":{"line":47,"column":45}}]},"2":{"type":"branch","line":73,"loc":{"start":{"line":73,"column":4},"end":{"line":79,"column":4}},"locations":[{"start":{"line":73,"column":4},"end":{"line":79,"column":4}}]},"3":{"type":"branch","line":74,"loc":{"start":{"line":74,"column":14},"end":{"line":75,"column":5}},"locations":[{"start":{"line":74,"column":14},"end":{"line":75,"column":5}}]},"4":{"type":"branch","line":140,"loc":{"start":{"line":140,"column":11},"end":{"line":140,"column":27}},"locations":[{"start":{"line":140,"column":11},"end":{"line":140,"column":27}}]},"5":{"type":"branch","line":289,"loc":{"start":{"line":289,"column":22},"end":{"line":289,"column":38}},"locations":[{"start":{"line":289,"column":22},"end":{"line":289,"column":38}}]},"6":{"type":"branch","line":295,"loc":{"start":{"line":295,"column":22},"end":{"line":295,"column":38}},"locations":[{"start":{"line":295,"column":22},"end":{"line":295,"column":38}}]},"7":{"type":"branch","line":296,"loc":{"start":{"line":296,"column":11},"end":{"line":296,"column":27}},"locations":[{"start":{"line":296,"column":11},"end":{"line":296,"column":27}}]},"8":{"type":"branch","line":311,"loc":{"start":{"line":311,"column":11},"end":{"line":311,"column":27}},"locations":[{"start":{"line":311,"column":11},"end":{"line":311,"column":27}}]},"9":{"type":"branch","line":318,"loc":{"start":{"line":318,"column":13},"end":{"line":318,"column":29}},"locations":[{"start":{"line":318,"column":13},"end":{"line":318,"column":29}}]},"10":{"type":"branch","line":466,"loc":{"start":{"line":466,"column":11},"end":{"line":466,"column":27}},"locations":[{"start":{"line":466,"column":11},"end":{"line":466,"column":27}}]}},"b":{"0":[8],"1":[8],"2":[4],"3":[2],"4":[2],"5":[1],"6":[1],"7":[1],"8":[1],"9":[1],"10":[2]},"fnMap":{},"f":{}}
,"/Users/benzinho/dev/BU/MET CS673 - Software Engineering/group-project-team2/CS673_Frontend_TS_React/src/types/types.tsx": {"path":"/Users/benzinho/dev/BU/MET CS673 - Software Engineering/group-project-team2/CS673_Frontend_TS_React/src/types/types.tsx","all":true,"statementMap":{"0":{"start":{"line":1,"column":0},"end":{"line":1,"column":19}},"1":{"start":{"line":2,"column":0},"end":{"line":2,"column":18}},"2":{"start":{"line":3,"column":0},"end":{"line":3,"column":4}},"3":{"start":{"line":4,"column":0},"end":{"line":4,"column":0}},"4":{"start":{"line":5,"column":0},"end":{"line":5,"column":27}},"5":{"start":{"line":6,"column":0},"end":{"line":6,"column":24}},"6":{"start":{"line":7,"column":0},"end":{"line":7,"column":16}},"7":{"start":{"line":8,"column":0},"end":{"line":8,"column":18}},"8":{"start":{"line":9,"column":0},"end":{"line":9,"column":21}},"9":{"start":{"line":10,"column":0},"end":{"line":10,"column":20}},"10":{"start":{"line":11,"column":0},"end":{"line":11,"column":18}},"11":{"start":{"line":12,"column":0},"end":{"line":12,"column":16}},"12":{"start":{"line":13,"column":0},"end":{"line":13,"column":1}},"13":{"start":{"line":14,"column":0},"end":{"line":14,"column":0}},"14":{"start":{"line":15,"column":0},"end":{"line":15,"column":19}},"15":{"start":{"line":16,"column":0},"end":{"line":16,"column":14}},"16":{"start":{"line":17,"column":0},"end":{"line":17,"column":23}},"17":{"start":{"line":18,"column":0},"end":{"line":18,"column":19}},"18":{"start":{"line":19,"column":0},"end":{"line":19,"column":22}},"19":{"start":{"line":20,"column":0},"end":{"line":20,"column":17}},"20":{"start":{"line":21,"column":0},"end":{"line":21,"column":19}},"21":{"start":{"line":22,"column":0},"end":{"line":22,"column":20}},"22":{"start":{"line":23,"column":0},"end":{"line":23,"column":19}},"23":{"start":{"line":24,"column":0},"end":{"line":24,"column":1}}},"s":{"0":0,"1":0,"2":0,"3":0,"4":0,"5":0,"6":0,"7":0,"8":0,"9":0,"10":0,"11":0,"12":0,"13":0,"14":0,"15":0,"16":0,"17":0,"18":0,"19":0,"20":0,"21":0,"22":0,"23":0},"branchMap":{"0":{"type":"branch","line":1,"loc":{"start":{"line":1,"column":0},"end":{"line":24,"column":1}},"locations":[{"start":{"line":1,"column":0},"end":{"line":24,"column":1}}]}},"b":{"0":[0]},"fnMap":{"0":{"name":"(empty-report)","decl":{"start":{"line":1,"column":0},"end":{"line":24,"column":1}},"loc":{"start":{"line":1,"column":0},"end":{"line":24,"column":1}},"line":1}},"f":{"0":0}}
,"/Users/benzinho/dev/BU/MET CS673 - Software Engineering/group-project-team2/CS673_Frontend_TS_React/src/utils/test-utils.tsx": {"path":"/Users/benzinho/dev/BU/MET CS673 - Software Engineering/group-project-team2/CS673_Frontend_TS_React/src/utils/test-utils.tsx","all":false,"statementMap":{"0":{"start":{"line":1,"column":0},"end":{"line":1,"column":34}},"1":{"start":{"line":2,"column":0},"end":{"line":2,"column":62}},"2":{"start":{"line":3,"column":0},"end":{"line":3,"column":43}},"3":{"start":{"line":4,"column":0},"end":{"line":4,"column":48}},"4":{"start":{"line":5,"column":0},"end":{"line":5,"column":49}},"5":{"start":{"line":6,"column":0},"end":{"line":6,"column":46}},"6":{"start":{"line":7,"column":0},"end":{"line":7,"column":0}},"7":{"start":{"line":8,"column":0},"end":{"line":8,"column":67}},"8":{"start":{"line":9,"column":0},"end":{"line":9,"column":11}},"9":{"start":{"line":10,"column":0},"end":{"line":10,"column":7}},"10":{"start":{"line":11,"column":0},"end":{"line":11,"column":10}},"11":{"start":{"line":12,"column":0},"end":{"line":12,"column":22}},"12":{"start":{"line":13,"column":0},"end":{"line":13,"column":21}},"13":{"start":{"line":14,"column":0},"end":{"line":14,"column":66}},"14":{"start":{"line":15,"column":0},"end":{"line":15,"column":22}},"15":{"start":{"line":16,"column":0},"end":{"line":16,"column":23}},"16":{"start":{"line":17,"column":0},"end":{"line":17,"column":3}},"17":{"start":{"line":18,"column":0},"end":{"line":18,"column":1}},"18":{"start":{"line":19,"column":0},"end":{"line":19,"column":0}},"19":{"start":{"line":20,"column":0},"end":{"line":20,"column":22}},"20":{"start":{"line":21,"column":0},"end":{"line":21,"column":19}},"21":{"start":{"line":22,"column":0},"end":{"line":22,"column":42}},"22":{"start":{"line":23,"column":0},"end":{"line":23,"column":57}},"23":{"start":{"line":24,"column":0},"end":{"line":24,"column":0}},"24":{"start":{"line":25,"column":0},"end":{"line":25,"column":38}},"25":{"start":{"line":26,"column":0},"end":{"line":26,"column":33}}},"s":{"0":1,"1":1,"2":1,"3":1,"4":1,"5":1,"6":1,"7":1,"8":14,"9":14,"10":14,"11":14,"12":14,"13":14,"14":14,"15":14,"16":14,"17":14,"18":1,"19":1,"20":13,"21":13,"22":1,"23":1,"24":1,"25":1},"branchMap":{"0":{"type":"branch","line":8,"loc":{"start":{"line":8,"column":65},"end":{"line":18,"column":1}},"locations":[{"start":{"line":8,"column":65},"end":{"line":18,"column":1}}]},"1":{"type":"branch","line":20,"loc":{"start":{"line":20,"column":21},"end":{"line":23,"column":11}},"locations":[{"start":{"line":20,"column":21},"end":{"line":23,"column":11}}]}},"b":{"0":[14],"1":[13]},"fnMap":{"0":{"name":"AllTheProviders","decl":{"start":{"line":8,"column":65},"end":{"line":18,"column":1}},"loc":{"start":{"line":8,"column":65},"end":{"line":18,"column":1}},"line":8},"1":{"name":"customRender","decl":{"start":{"line":20,"column":21},"end":{"line":23,"column":11}},"loc":{"start":{"line":20,"column":21},"end":{"line":23,"column":11}},"line":20}},"f":{"0":14,"1":13}}
}
